Technology, https://www.theverge.com/tech, d153da3363ba7cf19c08f5cc2ef1f4326c49661357a4eae0fe337377e0af94c1, None
Technology, https://techcrunch.com/, b2f30b8ca0dd850e32cf1fa9cc3b10735370cb280d76b2c39ec6b2404c03d392, None
Technology, https://techcrunch.com/2023/04/20/google-consolidates-ai-research-divisions-into-google-deepmind/, 1d039cef83a65d5a32d68bac51cbdd5c36512d335b85fd04cc05f2fe684fe494, 2023-04-20 17:16:16+00:00
Technology, https://techcrunch.com/author/kyle-wiggers/, de35d58f811ff1a25a5ddb4a5b7c3dc9b585221d86c70c9ffc3e353d2eb2fa17, None
Technology, https://techcrunch.com/2023/04/20/google-consolidates-ai-research-divisions-into-google-deepmind/, 1d039cef83a65d5a32d68bac51cbdd5c36512d335b85fd04cc05f2fe684fe494, 2023-04-20 17:16:16+00:00
Technology, https://techcrunch.com/2023/04/20/the-damelio-family-wont-buy-tiktok-but-they-thought-about-it/, 3224d7e9ed189dd159a586eee784aee58054d1b6869f33277e24a87dbbcdfd8c, 2023-04-20 18:31:37+00:00
Technology, https://techcrunch.com/author/amanda-silberling/, bb45e9739ff88dda8477efc3547e66406b8e0d050934c5fd03fb727a6318f220, None
Technology, https://techcrunch.com/2023/04/20/twitters-legacy-blue-checkmark-era-is-officially-over/, 9eaf7caadc75e5e92ec4c0308ff304ac7c19fa588ab934ba3769e0776309fe9c, 2023-04-20 18:59:46+00:00
Technology, https://techcrunch.com/author/kirsten-korosec/, efa9729a3bab44d9abfc83000ecdf3f18533768096221ca95b4e5a39f2b58e4c, None
Technology, https://techcrunch.com/2023/04/20/4-problems-venture-capital-cant-solve/, 1f9860137b18b067ecd04dae02557eba4c0f21227d3072f7a395b039e963a1cc, 2023-04-20 11:30:48+00:00
Technology, https://techcrunch.com/author/, 920e5ddde9559dc4bb9967f6a63ec533307ab8516c206aa152058ed1e70fee23, None
Technology, https://techcrunch.com/2023/04/19/microsoft-kicks-twitter-in-the-teeth/, 25dd57c04eb08cf531d557a0f85052f062050db0d11a0fda170435eb9b656ef2, 2023-04-19 22:39:57+00:00
Technology, https://techcrunch.com/author/connie-loizos/, 3be3ff233fcbc1c8ec165126936c9c99201814061dd0cb05e289c4aa2fb30820, None
Technology, https://techcrunch.com/2023/04/20/chaos-reigns-after-twitters-blue-checks-vanish/, 805d46da7aa2551a2c5a6164063007e924a0aa1a68f9ee3f84a6c9c806eecd5d, 2023-04-20 23:28:00+00:00
Technology, https://techcrunch.com/author/taylor-hatmaker/, e5c6deacd41b88a6af38c91dd4c6b5aa95ab33e087526ce658428128940efd70, None
Technology, https://techcrunch.com/2023/04/20/chaos-reigns-after-twitters-blue-checks-vanish/, 805d46da7aa2551a2c5a6164063007e924a0aa1a68f9ee3f84a6c9c806eecd5d, 2023-04-20 23:28:00+00:00
Technology, https://techcrunch.com/2023/04/20/three-wheeled-ev-startup-arcimoto-shuffles-leadership-again/, 6b3c229d5b07889ad35155b3a577c7067418dce631a4e060ad02ce3ad01a73c0, 2023-04-20 22:52:14+00:00
Technology, https://techcrunch.com/author/harri-weber/, 2fd4ffd11831e1dd0db2c35ef2c2a2448cf4d98a2525a04539f29ddbc2eabb38, None
Technology, https://techcrunch.com/2023/04/20/three-wheeled-ev-startup-arcimoto-shuffles-leadership-again/, 6b3c229d5b07889ad35155b3a577c7067418dce631a4e060ad02ce3ad01a73c0, 2023-04-20 22:52:14+00:00
Technology, https://techcrunch.com/2023/04/20/daily-crunch-proton-releases-end-to-end-encrypted-password-manager-for-desktop-and-mobile/, 8bad6e907d0a1bf59565764ac0eb34dafa153f456e6ecc8f53fbb94842b614ff, 2023-04-20 22:05:09+00:00
Technology, https://techcrunch.com/author/christine-hall/, 2fd7e6e5985107c5e2e02c70c2e0117d22a3ae7f39856a2533998464c41930c6, None
Technology, https://techcrunch.com/2023/04/20/daily-crunch-proton-releases-end-to-end-encrypted-password-manager-for-desktop-and-mobile/, 8bad6e907d0a1bf59565764ac0eb34dafa153f456e6ecc8f53fbb94842b614ff, 2023-04-20 22:05:09+00:00
Technology, https://techcrunch.com/2023/04/20/headphone-startup-nura-gets-acqui-hired-by-denon-parent-masimo/, 9a771d876014c23920ca466c40039d0be160d9eeeba250f66b0b5c457afa1f1a, 2023-04-20 20:55:52+00:00
Technology, https://techcrunch.com/author/brian-heater/, ed78d500ca5fecc2927aced8e5f08b0fb492ef1691c0565dd6b19b57393c1542, None
Technology, https://techcrunch.com/2023/04/20/headphone-startup-nura-gets-acqui-hired-by-denon-parent-masimo/, 9a771d876014c23920ca466c40039d0be160d9eeeba250f66b0b5c457afa1f1a, 2023-04-20 20:55:52+00:00
Technology, https://techcrunch.com/2023/04/20/autotech-ventures-new-230m-mobility-fund-adds-fintech-circular-economy-to-its-investment-strategy/, e65a188a9f00e7c91ad59a8487e5fa50a2bc8a49619dfe4f374c02632d872c34, 2023-04-20 19:25:57+00:00
Technology, https://techcrunch.com/author/kirsten-korosec/, efa9729a3bab44d9abfc83000ecdf3f18533768096221ca95b4e5a39f2b58e4c, None
Technology, https://techcrunch.com/2023/04/20/autotech-ventures-new-230m-mobility-fund-adds-fintech-circular-economy-to-its-investment-strategy/, e65a188a9f00e7c91ad59a8487e5fa50a2bc8a49619dfe4f374c02632d872c34, 2023-04-20 19:25:57+00:00
Technology, https://techcrunch.com/2023/04/20/coinbase-is-expanding-further-overseas-amid-us-regulatory-pressure/, 228c8215d73a11a8fbe38477cea243438bfc589a3cd9dd84667845d6ff8a569d, 2023-04-20 19:00:16+00:00
Technology, https://techcrunch.com/author/jacquelyn-melinek/, 2ea8daced94fa9ff569501e251ff151f00f8327728795c0fae986fa34bc8c736, None
Technology, https://techcrunch.com/2023/04/20/coinbase-is-expanding-further-overseas-amid-us-regulatory-pressure/, 228c8215d73a11a8fbe38477cea243438bfc589a3cd9dd84667845d6ff8a569d, 2023-04-20 19:00:16+00:00
Technology, https://techcrunch.com/2023/04/20/twitters-legacy-blue-checkmark-era-is-officially-over/, 9eaf7caadc75e5e92ec4c0308ff304ac7c19fa588ab934ba3769e0776309fe9c, 2023-04-20 18:59:46+00:00
Technology, https://techcrunch.com/author/kirsten-korosec/, efa9729a3bab44d9abfc83000ecdf3f18533768096221ca95b4e5a39f2b58e4c, None
Technology, https://techcrunch.com/2023/04/20/twitters-legacy-blue-checkmark-era-is-officially-over/, 9eaf7caadc75e5e92ec4c0308ff304ac7c19fa588ab934ba3769e0776309fe9c, 2023-04-20 18:59:46+00:00
Technology, https://techcrunch.com/2023/04/20/five-of-sonys-spider-man-movies-are-coming-to-disney-this-spring/, 0da5654717e37535f2a03ba50164515bc5c8ee0b5bff538d3b1eae231b5e212a, 2023-04-20 18:44:00+00:00
Technology, https://techcrunch.com/author/aisha-malik/, d0820a1d1a0f293fa6a8180ffd03c886f7606977c3fd5edd7923f3cda013c034, None
Technology, https://techcrunch.com/2023/04/20/five-of-sonys-spider-man-movies-are-coming-to-disney-this-spring/, 0da5654717e37535f2a03ba50164515bc5c8ee0b5bff538d3b1eae231b5e212a, 2023-04-20 18:44:00+00:00
Technology, https://techcrunch.com/2023/04/20/the-damelio-family-wont-buy-tiktok-but-they-thought-about-it/, 3224d7e9ed189dd159a586eee784aee58054d1b6869f33277e24a87dbbcdfd8c, 2023-04-20 18:31:37+00:00
Technology, https://techcrunch.com/author/amanda-silberling/, bb45e9739ff88dda8477efc3547e66406b8e0d050934c5fd03fb727a6318f220, None
Technology, https://techcrunch.com/2023/04/20/the-damelio-family-wont-buy-tiktok-but-they-thought-about-it/, 3224d7e9ed189dd159a586eee784aee58054d1b6869f33277e24a87dbbcdfd8c, 2023-04-20 18:31:37+00:00
Technology, https://techcrunch.com/2023/04/20/lets-work-together/, 14e029b1b648d1ee27d0541314fa03593b0e4ec15e8825304acdf1e049ac1d36, 2023-04-20 18:30:03+00:00
Technology, https://techcrunch.com/author/brian-heater/, ed78d500ca5fecc2927aced8e5f08b0fb492ef1691c0565dd6b19b57393c1542, None
Technology, https://techcrunch.com/2023/04/20/lets-work-together/, 14e029b1b648d1ee27d0541314fa03593b0e4ec15e8825304acdf1e049ac1d36, 2023-04-20 18:30:03+00:00
Technology, https://techcrunch.com/2023/04/20/india-space-policy-2023/, 862ef82a112ed6cb546208762597d7c6062402e57fe4dfcce7727741bfec7e80, 2023-04-20 18:05:42+00:00
Technology, https://techcrunch.com/author/jagmeet-singh/, 269a48933369c3cb379ddd73b922cdde067eee47cf65ab12e48acad602e90711, None
Technology, https://techcrunch.com/2023/04/20/india-space-policy-2023/, 862ef82a112ed6cb546208762597d7c6062402e57fe4dfcce7727741bfec7e80, 2023-04-20 18:05:42+00:00
Technology, https://techcrunch.com/2023/04/20/google-consolidates-ai-research-divisions-into-google-deepmind/, 1d039cef83a65d5a32d68bac51cbdd5c36512d335b85fd04cc05f2fe684fe494, 2023-04-20 17:16:16+00:00
Technology, https://techcrunch.com/author/kyle-wiggers/, de35d58f811ff1a25a5ddb4a5b7c3dc9b585221d86c70c9ffc3e353d2eb2fa17, None
Technology, https://techcrunch.com/2023/04/20/google-consolidates-ai-research-divisions-into-google-deepmind/, 1d039cef83a65d5a32d68bac51cbdd5c36512d335b85fd04cc05f2fe684fe494, 2023-04-20 17:16:16+00:00
Technology, https://techcrunch.com/2023/04/20/nocam-unveils-a-social-video-app-thats-like-bereal-meets-tiktok-challenges/, fb6886d66305804f19f7a7d652299e3e9c79ce500d00392adedfd61bbaf5615e, 2023-04-20 17:09:43+00:00
Technology, https://techcrunch.com/author/sarah-perez/, f3f2974791e25cfbd1c4ad71cad9d66ae6c067c28782a2e65fc54c955bb7fc57, None
Technology, https://techcrunch.com/2023/04/20/nocam-unveils-a-social-video-app-thats-like-bereal-meets-tiktok-challenges/, fb6886d66305804f19f7a7d652299e3e9c79ce500d00392adedfd61bbaf5615e, 2023-04-20 17:09:43+00:00
Technology, https://techcrunch.com/2023/04/20/google-fi-gets-a-rebrand-expanded-smartwatch-support-new-free-trial-option-and-more/, a3930151a3f1fa2486be2ea6336d2186b73d578f26b4c2b144dd89ce9eebb8af, 2023-04-20 15:57:52+00:00
Technology, https://techcrunch.com/author/aisha-malik/, d0820a1d1a0f293fa6a8180ffd03c886f7606977c3fd5edd7923f3cda013c034, None
Technology, https://techcrunch.com/2023/04/20/google-fi-gets-a-rebrand-expanded-smartwatch-support-new-free-trial-option-and-more/, a3930151a3f1fa2486be2ea6336d2186b73d578f26b4c2b144dd89ce9eebb8af, 2023-04-20 15:57:52+00:00
Technology, https://techcrunch.com/2023/04/20/paramount-alleges-warner-bros-discovery-owes-52m-for-south-park-streaming-rights/, 036988f6bf14371836a04cefcc6238d14ea3dcab6eeb83d650ac74fe6675ba32, 2023-04-20 15:40:52+00:00
Technology, https://techcrunch.com/author/lauren-forristal/, f71e5a7c0d746a47231ed3d2389c483e85aeef740d13c5758220a72245019c00, None
Technology, https://techcrunch.com/2023/04/20/paramount-alleges-warner-bros-discovery-owes-52m-for-south-park-streaming-rights/, 036988f6bf14371836a04cefcc6238d14ea3dcab6eeb83d650ac74fe6675ba32, 2023-04-20 15:40:52+00:00
Technology, https://techcrunch.com/2023/04/20/apples-newest-feature-helps-solve-app-store-billing-issues-without-bugging-developers/, fbe718c58d03ee1c90571027bbbb4de866676d848bf9148c7e7bdc3bdba9fbab, 2023-04-20 15:29:33+00:00
Technology, https://techcrunch.com/author/sarah-perez/, f3f2974791e25cfbd1c4ad71cad9d66ae6c067c28782a2e65fc54c955bb7fc57, None
Technology, https://techcrunch.com/2023/04/20/apples-newest-feature-helps-solve-app-store-billing-issues-without-bugging-developers/, fbe718c58d03ee1c90571027bbbb4de866676d848bf9148c7e7bdc3bdba9fbab, 2023-04-20 15:29:33+00:00
Technology, https://techcrunch.com/2023/04/20/gaming-vc-bitkraft-asia/, 6195a61ca8607815394cdcf6407a93cae1ce711cfbc8b948845e6aee5ed06757, 2023-04-20 15:17:50+00:00
Technology, https://techcrunch.com/author/rita-liao/, a99223b3a419343ab85acb1473c05c1a74bc48a6ad1ac79f6890f1431cd84e52, None
Technology, https://techcrunch.com/2023/04/20/gaming-vc-bitkraft-asia/, 6195a61ca8607815394cdcf6407a93cae1ce711cfbc8b948845e6aee5ed06757, 2023-04-20 15:17:50+00:00
Technology, https://techcrunch.com/2023/04/20/epic-buys-brazil-based-game-developer-aquiris-to-boost-fortnite/, 3fe6e028f31ec17163df56824c66cbb432a84c6f58e4ecdba5e386661746338c, 2023-04-20 15:16:28+00:00
Technology, https://techcrunch.com/author/taylor-hatmaker/, e5c6deacd41b88a6af38c91dd4c6b5aa95ab33e087526ce658428128940efd70, None
Technology, https://techcrunch.com/2023/04/20/epic-buys-brazil-based-game-developer-aquiris-to-boost-fortnite/, 3fe6e028f31ec17163df56824c66cbb432a84c6f58e4ecdba5e386661746338c, 2023-04-20 15:16:28+00:00
Technology, https://techcrunch.com/2023/04/20/wavelength-is-a-new-app-trying-to-make-group-chat-suck-less/, ecdc4be28b65124db14709b36299ac8a463d4e7bea82867c5181f89adf76c60c, 2023-04-20 15:09:55+00:00
Technology, https://techcrunch.com/author/ivan-mehta/, c69038f16ab864b7e692ffe1506aafcefffb63b851306661f01d238a0f16997a, None
Technology, https://techcrunch.com/2023/04/20/wavelength-is-a-new-app-trying-to-make-group-chat-suck-less/, ecdc4be28b65124db14709b36299ac8a463d4e7bea82867c5181f89adf76c60c, 2023-04-20 15:09:55+00:00
Technology, https://techcrunch.com/2023/04/20/sample-series-d-pitch-deck-honeycomb/, 0e01ab686fdf75817c0a4a5de550465b7c17fc22df228ccb21f0869e61e221e6, 2023-04-20 15:00:59+00:00
Technology, https://techcrunch.com/author/, 920e5ddde9559dc4bb9967f6a63ec533307ab8516c206aa152058ed1e70fee23, None
Technology, https://techcrunch.com/2023/04/20/sample-series-d-pitch-deck-honeycomb/, 0e01ab686fdf75817c0a4a5de550465b7c17fc22df228ccb21f0869e61e221e6, 2023-04-20 15:00:59+00:00
Technology, https://techcrunch.com/page/2/, 1558bf11f78ce9c4e0bda66b45416941b6a6c2f9f92ec72559713053434ceb9a, None
Technology, https://www.wired.com/category/technology/, 3bf74c5af584e9f4675e4bf084d3c1e543b7cc2d89fd694615fe3271b9d9e46a, None
Technology, https://www.engadget.com/, 3304430e688033124a307dd3a82c2ac56a913f8ef5ea9a0333717bbf6a0a785d, None
Technology, https://www.engadget.com/about/, 943491f169e516ad84c100271f1e6dce805da6ed2a61943b970ca76209dffdbe, None
Technology, https://www.engadget.com/about-our-advertising/, bfd790988c9167aa55fe66d444130ab102f2ea9b57acd82362e893b61a86ce7b, None
Technology, https://www.engadget.com/about/advertise/, ac745300fc6dd1c19a0a3e707e79d605a177075d2c98373896d2dec9cf1b5afa, None
Technology, https://www.engadget.com/about-faq-194611880.html, 6c3d795416141e3ba2202b6d5f10a0985b31c744b16ac38ff422b44c9f74e4f3, None
Technology, https://www.engadget.com/rss.xml, 2ccba97d94b1107757b71d747858933b9d248e7274b1daea78354468696519d0, None
Technology, https://www.engadget.com/reviews/, 67b2408c0d7f417d468bf8618a91cb99637dfb65120b607269e089a120e4cf46, None
Technology, https://www.engadget.com/gear/, 5ef4c68e80b142da50910715d55c3e631e827ec91aa144121265b252b57fddf7, None
Technology, https://www.engadget.com/gaming/, 8793075b8adaee2e3ab9925cc54542aa0b5a57d205ce710cfdb2a88075b6fbd1, None
Technology, https://www.engadget.com/entertainment/, 0886e371e0d4b1601b72388e831116aa8b02a5db5c7616ec9c0d24623d5fb74c, None
Technology, https://www.engadget.com/tomorrow/, da94e50fd65b1806d0345f681409f57506fd401736fe79da062bbc8f00455cff, None
Technology, https://www.engadget.com/guides/, 46b732713f067aec8484060789353f4efbeb7cdf0fa8cfdb74c8c1513e8a77da, None
Technology, https://www.engadget.com/videos/, 1cf1361ea05c7a76ea50e1371949e39ff87a6f94971cdd7244daa23d18115c90, None
Technology, https://www.engadget.com/podcasts/, 547e302a50b2922b47f5e1d7b2839930f5f67ce5143376168edda1fffcd975f1, None
Technology, https://www.engadget.com/deals/, 245bffbe3d0c401a107b495ca9acf9dfd9b527ec909cd99c44ea897db5eb9776, None
Technology, https://www.engadget.com/2017-05-01-engadget-commenting-policy.html, 611905ea5dfa17d53401a399af9ffc5ca923e066bc3c89dbefc4d8168845f8a0, None
Technology, https://www.engadget.com/support/, 3c1433a5cae3a359f4ccf74a5a7ced3b46847aba43eccc5609f6119b2e03f040, None
Technology, https://www.engadget.com/best-android-phone-130030805.html, 254f27d4ea1c8c1d7e9e1bff198c63fed511f0a60a0aa38bc51125bb0b919cb4, None
Technology, https://www.engadget.com/best-laptops-for-students-130054631.html, c4689ffe9d341b7c96e3ec273ab5edeb8adc83e68e644ffd98907e1255508c6c, None
Technology, https://www.engadget.com/best-air-fryers-133047180.html, 48d8157c09eb085c8539eeca22afe8dc7b8c9fd9e32048de61ee3865891ce727, None
Technology, https://www.engadget.com/best-vr-headsets-140012529.html, 9ea5653dc4d59da41bfafed5c1445cdeddadba181b3c2bb1f2e38d9c657e3c20, None
Technology, https://www.engadget.com/best-smartwatches-153013118.html, 3b449db034dea2f0685444eeba418ceb6136d17714deeb9afb4b22e6b8313f4e, None
Technology, https://www.engadget.com/best-live-tv-streaming-service-133000410.html, 44a2c8e5eb2258d831abe5da99ffd451c2f675cf8cb7d3bb75f3242322f9afc4, None
Technology, https://www.engadget.com/best-headphones-150030794.html, af5355a8dadd912addbd4a7c5bf74a4f45567bbf0c4ffec906dcd90e7fb92f3e, None
Technology, https://www.engadget.com/about/advertise/, ac745300fc6dd1c19a0a3e707e79d605a177075d2c98373896d2dec9cf1b5afa, None
Technology, https://www.cnet.com/topics/tech-industry/, b762da945512f82421086f13f765567ebbd304f50ff03873c4dbf5302d0ce19b, None
Cybersecurity, https://www.cyberscoop.com/, 5c800cf2cbda34650082d2f8b66811dc72d89149db2d14725620786eb95bd066, None
Cybersecurity, https://www.darkreading.com/, 3e59bc3d5e55a661c9963c6b63a511cbe92f0f7712a3d231de491990a4c3945f, None
Cybersecurity, https://www.darkreading.com/, 3e59bc3d5e55a661c9963c6b63a511cbe92f0f7712a3d231de491990a4c3945f, None
Cybersecurity, https://www.darkreading.com/edge, 97ff9ec18b3da93114933f8658e3bee7df6e158e7e61a8cd0cf8ccaadb6430ed, None
Cybersecurity, https://www.darkreading.com/dr-tech, 1084ed83480264828f734f82bdd303c421f4021a941a25e2f6bf193e99385ac8, None
Cybersecurity, https://www.darkreading.com/edge, 97ff9ec18b3da93114933f8658e3bee7df6e158e7e61a8cd0cf8ccaadb6430ed, None
Cybersecurity, https://www.darkreading.com/dr-tech, 1084ed83480264828f734f82bdd303c421f4021a941a25e2f6bf193e99385ac8, None
Cybersecurity, https://www.darkreading.com/attacks-breaches, 2edcf71e320fcbe948fe998a86253a9adbeffb5277ac9364e9cba56099e6d9b4, None
Cybersecurity, https://www.darkreading.com/cloud, 7b57c789c1a8df11fc9c4bbd80523ed3d5626d5270486b8d61af7d0434b097ed, None
Cybersecurity, https://www.darkreading.com/ics-ot, e997831bb39e605c8fc25532cc035e88c79d8b944533626478ab3e5e9f9a8622, None
Cybersecurity, https://www.darkreading.com/remote-workforce, 2d17d465c7df034b2ea47f70eaa5bf7b6cdbfa5428aba5cf194ca0c4360c6f60, None
Cybersecurity, https://www.darkreading.com/perimeter, 72c1ee0b667cfe0b3a1179f3751f57ff0633dab9d441a9b8f9f3b8326ffaef26, None
Cybersecurity, https://www.darkreading.com/analytics, 59cd49d0b2e17cf3f9e61ac8f6a02cfe86475b868762869d8194b12a9ccc58fd, None
Cybersecurity, https://www.darkreading.com/security-monitoring, ccb5e0e043dcd282250baf481fadec60d6d37ec00d4a744415f124075fd0315d, None
Cybersecurity, https://www.darkreading.com/security-monitoring, ccb5e0e043dcd282250baf481fadec60d6d37ec00d4a744415f124075fd0315d, None
Cybersecurity, https://www.darkreading.com/application-security, ffdb57afe655c51c7fa46d487a736bf50eff7da1d061bbfc5dc6f3852b143b52, None
Cybersecurity, https://www.darkreading.com/database-security, 126837a7aec3986e578ca890db73d50a77ecc4fcfacb4f77fd8e7de3da3b614a, None
Cybersecurity, https://www.darkreading.com/database-security, 126837a7aec3986e578ca890db73d50a77ecc4fcfacb4f77fd8e7de3da3b614a, None
Cybersecurity, https://www.darkreading.com/risk, 5871a43b637bc8d5a006d845faf7704f690b60b096280d49ee2c90f82e1d23cd, None
Cybersecurity, https://www.darkreading.com/compliance, 7eb1a10e8dc6ee5f31ef35a5ff04cb1d5e72e63592187c3d0af57743af49c613, None
Cybersecurity, https://www.darkreading.com/compliance, 7eb1a10e8dc6ee5f31ef35a5ff04cb1d5e72e63592187c3d0af57743af49c613, None
Cybersecurity, https://www.darkreading.com/threat-intelligence, 7357fe58d07203da7ab87cb5aa8597218fe002898a639c34794947a4b0786175, None
Cybersecurity, https://www.darkreading.com/endpoint, 9db8ecbb5a9e6838a72955f35d167ecca8b29622d3b9d63f3203adbe024fcf64, None
Cybersecurity, https://www.darkreading.com/authentication, 7652037fd652880dbb823d72e897d45622c6f0a98fc2073d6492e6a063a47493, None
Cybersecurity, https://www.darkreading.com/mobile, 4b1fc404c6e87f1151bbcfbea6aa4e24ec1511f4e6edc4d1787421e3124de653, None
Cybersecurity, https://www.darkreading.com/privacy, 30ef2f6dd4b85e2c7048688fa29650be304a56e1d7997bf13f21be5cc68d44dd, None
Cybersecurity, https://www.darkreading.com/authentication, 7652037fd652880dbb823d72e897d45622c6f0a98fc2073d6492e6a063a47493, None
Cybersecurity, https://www.darkreading.com/mobile, 4b1fc404c6e87f1151bbcfbea6aa4e24ec1511f4e6edc4d1787421e3124de653, None
Cybersecurity, https://www.darkreading.com/privacy, 30ef2f6dd4b85e2c7048688fa29650be304a56e1d7997bf13f21be5cc68d44dd, None
Cybersecurity, https://www.darkreading.com/vulnerabilities-threats, 9d25809e4a5c47edcb7064392a3b988f0ff8d4cb10a7b9e9bbb630ff36827f56, None
Cybersecurity, https://www.darkreading.com/advanced-threats, 07a73b68c9f8b8e60546c86285ec3901fe622b11be890f194fc7571bf70e6712, None
Cybersecurity, https://www.darkreading.com/insider-threats, 09a71e3ffb5590d0af654e4fc06463f91c574bdefb4bfc784ff6341aef2d6980, None
Cybersecurity, https://www.darkreading.com/vulnerability-management, 4a9af4541769c87266dc25eeaafe835a862c1eea9e3dc508146adff72734cf4e, None
Cybersecurity, https://www.darkreading.com/advanced-threats, 07a73b68c9f8b8e60546c86285ec3901fe622b11be890f194fc7571bf70e6712, None
Cybersecurity, https://www.darkreading.com/insider-threats, 09a71e3ffb5590d0af654e4fc06463f91c574bdefb4bfc784ff6341aef2d6980, None
Cybersecurity, https://www.darkreading.com/vulnerability-management, 4a9af4541769c87266dc25eeaafe835a862c1eea9e3dc508146adff72734cf4e, None
Cybersecurity, https://www.darkreading.com/operations, ed2eb017d494f65a1e39112acc8bea6911d9efc7d36b3fbe2200bcdcd279ded3, None
Cybersecurity, https://www.darkreading.com/identity-and-access-management, 77dc4a9b40ce2dbedbc3f3bf4298c99109b35c6f2e4a5b966445c8fc8b30cb35, None
Cybersecurity, https://www.darkreading.com/careers-and-people, 7063898ee3371a4a185251cefdb4ff13b74693370556b291554eda0b8134ad4f, None
Cybersecurity, https://www.darkreading.com/identity-and-access-management, 77dc4a9b40ce2dbedbc3f3bf4298c99109b35c6f2e4a5b966445c8fc8b30cb35, None
Cybersecurity, https://www.darkreading.com/careers-and-people, 7063898ee3371a4a185251cefdb4ff13b74693370556b291554eda0b8134ad4f, None
Cybersecurity, https://www.darkreading.com/physical-security, f687840d81c4225de24854f320660104eab95f2e0dd55ba3b772d7f90dbcf1d6, None
Cybersecurity, https://www.darkreading.com/iot, 0143f568ab3655f8b078985f1cdbe58c263c31df66a9d651926ac6f16707613d, None
Cybersecurity, https://www.darkreading.com/black-hat, a3c34a25c60032bc428f27095451ccd25f53b1cbf2d0e1114406fa50df044d7b, None
Cybersecurity, https://www.darkreading.com/omdia, d86b48f74432afd19382990092db500a4c51e9cd7568fef4bf25fe34e31f54d6, None
Cybersecurity, https://www.darkreading.com/security-now.asp, e3b8ca5c0acd35be9f61568b990b2ed174914bdb49cd3733aeb1ba3b8e5c64f8, None
Cybersecurity, https://www.darkreading.com/upcoming-events, 16c968f85ee308a2850c0d499d22fcfebbb06c45a4a47a138a71f34cfc35e0e7, None
Cybersecurity, https://www.darkreading.com/upcoming-webinars, ff64b888c7be7c1e4efc3a329b9fcb80d9d45155843e95fab7c86e98e93761bd, None
Cybersecurity, https://www.darkreading.com/resources, 7d7c2096de4c895cd893c1b9cb8d674b9f62cac30a6d7b12f62c7f579e903d86, None
Cybersecurity, https://www.darkreading.com/upcoming-webinars, ff64b888c7be7c1e4efc3a329b9fcb80d9d45155843e95fab7c86e98e93761bd, None
Cybersecurity, https://www.darkreading.com/must-reads, d22dc3f542c50ae4b87f9bfc55b78df7d34f12d478c80ad323ab617475a1cbb5, None
Cybersecurity, https://www.darkreading.com/latest/slideshow, 65d67f04d42a09587884319592edf0f402a0964a25385240766c85a587d4f4c5, None
Cybersecurity, https://www.darkreading.com/microsoft, 894686428bd8d0e0a049383555dc2ac1857dd155395b1e0fc1d3d803826312f5, None
Cybersecurity, https://www.darkreading.com/, 3e59bc3d5e55a661c9963c6b63a511cbe92f0f7712a3d231de491990a4c3945f, None
Cybersecurity, https://www.darkreading.com/edge, 97ff9ec18b3da93114933f8658e3bee7df6e158e7e61a8cd0cf8ccaadb6430ed, None
Cybersecurity, https://www.darkreading.com/dr-tech, 1084ed83480264828f734f82bdd303c421f4021a941a25e2f6bf193e99385ac8, None
Cybersecurity, https://www.darkreading.com/edge, 97ff9ec18b3da93114933f8658e3bee7df6e158e7e61a8cd0cf8ccaadb6430ed, None
Cybersecurity, https://www.darkreading.com/dr-tech, 1084ed83480264828f734f82bdd303c421f4021a941a25e2f6bf193e99385ac8, None
Cybersecurity, https://www.darkreading.com/attacks-breaches, 2edcf71e320fcbe948fe998a86253a9adbeffb5277ac9364e9cba56099e6d9b4, None
Cybersecurity, https://www.darkreading.com/cloud, 7b57c789c1a8df11fc9c4bbd80523ed3d5626d5270486b8d61af7d0434b097ed, None
Cybersecurity, https://www.darkreading.com/ics-ot, e997831bb39e605c8fc25532cc035e88c79d8b944533626478ab3e5e9f9a8622, None
Cybersecurity, https://www.darkreading.com/remote-workforce, 2d17d465c7df034b2ea47f70eaa5bf7b6cdbfa5428aba5cf194ca0c4360c6f60, None
Cybersecurity, https://www.darkreading.com/perimeter, 72c1ee0b667cfe0b3a1179f3751f57ff0633dab9d441a9b8f9f3b8326ffaef26, None
Cybersecurity, https://www.darkreading.com/analytics, 59cd49d0b2e17cf3f9e61ac8f6a02cfe86475b868762869d8194b12a9ccc58fd, None
Cybersecurity, https://www.darkreading.com/security-monitoring, ccb5e0e043dcd282250baf481fadec60d6d37ec00d4a744415f124075fd0315d, None
Cybersecurity, https://www.darkreading.com/security-monitoring, ccb5e0e043dcd282250baf481fadec60d6d37ec00d4a744415f124075fd0315d, None
Cybersecurity, https://www.darkreading.com/application-security, ffdb57afe655c51c7fa46d487a736bf50eff7da1d061bbfc5dc6f3852b143b52, None
Cybersecurity, https://www.darkreading.com/database-security, 126837a7aec3986e578ca890db73d50a77ecc4fcfacb4f77fd8e7de3da3b614a, None
Cybersecurity, https://www.darkreading.com/database-security, 126837a7aec3986e578ca890db73d50a77ecc4fcfacb4f77fd8e7de3da3b614a, None
Cybersecurity, https://www.darkreading.com/risk, 5871a43b637bc8d5a006d845faf7704f690b60b096280d49ee2c90f82e1d23cd, None
Cybersecurity, https://www.darkreading.com/compliance, 7eb1a10e8dc6ee5f31ef35a5ff04cb1d5e72e63592187c3d0af57743af49c613, None
Cybersecurity, https://www.darkreading.com/compliance, 7eb1a10e8dc6ee5f31ef35a5ff04cb1d5e72e63592187c3d0af57743af49c613, None
Cybersecurity, https://www.darkreading.com/threat-intelligence, 7357fe58d07203da7ab87cb5aa8597218fe002898a639c34794947a4b0786175, None
Cybersecurity, https://www.darkreading.com/endpoint, 9db8ecbb5a9e6838a72955f35d167ecca8b29622d3b9d63f3203adbe024fcf64, None
Cybersecurity, https://www.darkreading.com/authentication, 7652037fd652880dbb823d72e897d45622c6f0a98fc2073d6492e6a063a47493, None
Cybersecurity, https://www.darkreading.com/mobile, 4b1fc404c6e87f1151bbcfbea6aa4e24ec1511f4e6edc4d1787421e3124de653, None
Cybersecurity, https://www.darkreading.com/privacy, 30ef2f6dd4b85e2c7048688fa29650be304a56e1d7997bf13f21be5cc68d44dd, None
Cybersecurity, https://www.darkreading.com/authentication, 7652037fd652880dbb823d72e897d45622c6f0a98fc2073d6492e6a063a47493, None
Cybersecurity, https://www.darkreading.com/mobile, 4b1fc404c6e87f1151bbcfbea6aa4e24ec1511f4e6edc4d1787421e3124de653, None
Cybersecurity, https://www.darkreading.com/privacy, 30ef2f6dd4b85e2c7048688fa29650be304a56e1d7997bf13f21be5cc68d44dd, None
Cybersecurity, https://www.darkreading.com/vulnerabilities-threats, 9d25809e4a5c47edcb7064392a3b988f0ff8d4cb10a7b9e9bbb630ff36827f56, None
Cybersecurity, https://www.darkreading.com/advanced-threats, 07a73b68c9f8b8e60546c86285ec3901fe622b11be890f194fc7571bf70e6712, None
Cybersecurity, https://www.darkreading.com/insider-threats, 09a71e3ffb5590d0af654e4fc06463f91c574bdefb4bfc784ff6341aef2d6980, None
Cybersecurity, https://www.darkreading.com/vulnerability-management, 4a9af4541769c87266dc25eeaafe835a862c1eea9e3dc508146adff72734cf4e, None
Cybersecurity, https://www.darkreading.com/advanced-threats, 07a73b68c9f8b8e60546c86285ec3901fe622b11be890f194fc7571bf70e6712, None
Cybersecurity, https://www.darkreading.com/insider-threats, 09a71e3ffb5590d0af654e4fc06463f91c574bdefb4bfc784ff6341aef2d6980, None
Cybersecurity, https://www.darkreading.com/vulnerability-management, 4a9af4541769c87266dc25eeaafe835a862c1eea9e3dc508146adff72734cf4e, None
Cybersecurity, https://www.darkreading.com/operations, ed2eb017d494f65a1e39112acc8bea6911d9efc7d36b3fbe2200bcdcd279ded3, None
Cybersecurity, https://www.darkreading.com/identity-and-access-management, 77dc4a9b40ce2dbedbc3f3bf4298c99109b35c6f2e4a5b966445c8fc8b30cb35, None
Cybersecurity, https://www.darkreading.com/careers-and-people, 7063898ee3371a4a185251cefdb4ff13b74693370556b291554eda0b8134ad4f, None
Cybersecurity, https://www.darkreading.com/identity-and-access-management, 77dc4a9b40ce2dbedbc3f3bf4298c99109b35c6f2e4a5b966445c8fc8b30cb35, None
Cybersecurity, https://www.darkreading.com/careers-and-people, 7063898ee3371a4a185251cefdb4ff13b74693370556b291554eda0b8134ad4f, None
Cybersecurity, https://www.darkreading.com/physical-security, f687840d81c4225de24854f320660104eab95f2e0dd55ba3b772d7f90dbcf1d6, None
Cybersecurity, https://www.darkreading.com/iot, 0143f568ab3655f8b078985f1cdbe58c263c31df66a9d651926ac6f16707613d, None
Cybersecurity, https://www.darkreading.com/black-hat, a3c34a25c60032bc428f27095451ccd25f53b1cbf2d0e1114406fa50df044d7b, None
Cybersecurity, https://www.darkreading.com/omdia, d86b48f74432afd19382990092db500a4c51e9cd7568fef4bf25fe34e31f54d6, None
Cybersecurity, https://www.darkreading.com/security-now.asp, e3b8ca5c0acd35be9f61568b990b2ed174914bdb49cd3733aeb1ba3b8e5c64f8, None
Cybersecurity, https://www.darkreading.com/upcoming-events, 16c968f85ee308a2850c0d499d22fcfebbb06c45a4a47a138a71f34cfc35e0e7, None
Cybersecurity, https://www.darkreading.com/upcoming-webinars, ff64b888c7be7c1e4efc3a329b9fcb80d9d45155843e95fab7c86e98e93761bd, None
Cybersecurity, https://www.darkreading.com/resources, 7d7c2096de4c895cd893c1b9cb8d674b9f62cac30a6d7b12f62c7f579e903d86, None
Cybersecurity, https://www.darkreading.com/upcoming-webinars, ff64b888c7be7c1e4efc3a329b9fcb80d9d45155843e95fab7c86e98e93761bd, None
Cybersecurity, https://www.darkreading.com/must-reads, d22dc3f542c50ae4b87f9bfc55b78df7d34f12d478c80ad323ab617475a1cbb5, None
Cybersecurity, https://www.darkreading.com/latest/slideshow, 65d67f04d42a09587884319592edf0f402a0964a25385240766c85a587d4f4c5, None
Cybersecurity, https://www.darkreading.com/microsoft, 894686428bd8d0e0a049383555dc2ac1857dd155395b1e0fc1d3d803826312f5, None
Cybersecurity, https://www.darkreading.com/edge, 97ff9ec18b3da93114933f8658e3bee7df6e158e7e61a8cd0cf8ccaadb6430ed, None
Cybersecurity, https://www.darkreading.com/dr-tech, 1084ed83480264828f734f82bdd303c421f4021a941a25e2f6bf193e99385ac8, None
Cybersecurity, https://www.darkreading.com/edge, 97ff9ec18b3da93114933f8658e3bee7df6e158e7e61a8cd0cf8ccaadb6430ed, None
Cybersecurity, https://www.darkreading.com/dr-tech, 1084ed83480264828f734f82bdd303c421f4021a941a25e2f6bf193e99385ac8, None
Cybersecurity, https://www.darkreading.com/attacks-breaches, 2edcf71e320fcbe948fe998a86253a9adbeffb5277ac9364e9cba56099e6d9b4, None
Cybersecurity, https://www.darkreading.com/cloud, 7b57c789c1a8df11fc9c4bbd80523ed3d5626d5270486b8d61af7d0434b097ed, None
Cybersecurity, https://www.darkreading.com/ics-ot, e997831bb39e605c8fc25532cc035e88c79d8b944533626478ab3e5e9f9a8622, None
Cybersecurity, https://www.darkreading.com/remote-workforce, 2d17d465c7df034b2ea47f70eaa5bf7b6cdbfa5428aba5cf194ca0c4360c6f60, None
Cybersecurity, https://www.darkreading.com/perimeter, 72c1ee0b667cfe0b3a1179f3751f57ff0633dab9d441a9b8f9f3b8326ffaef26, None
Cybersecurity, https://www.darkreading.com/analytics, 59cd49d0b2e17cf3f9e61ac8f6a02cfe86475b868762869d8194b12a9ccc58fd, None
Cybersecurity, https://www.darkreading.com/security-monitoring, ccb5e0e043dcd282250baf481fadec60d6d37ec00d4a744415f124075fd0315d, None
Cybersecurity, https://www.darkreading.com/security-monitoring, ccb5e0e043dcd282250baf481fadec60d6d37ec00d4a744415f124075fd0315d, None
Cybersecurity, https://www.darkreading.com/application-security, ffdb57afe655c51c7fa46d487a736bf50eff7da1d061bbfc5dc6f3852b143b52, None
Cybersecurity, https://www.darkreading.com/database-security, 126837a7aec3986e578ca890db73d50a77ecc4fcfacb4f77fd8e7de3da3b614a, None
Cybersecurity, https://www.darkreading.com/database-security, 126837a7aec3986e578ca890db73d50a77ecc4fcfacb4f77fd8e7de3da3b614a, None
Cybersecurity, https://www.darkreading.com/risk, 5871a43b637bc8d5a006d845faf7704f690b60b096280d49ee2c90f82e1d23cd, None
Cybersecurity, https://www.darkreading.com/compliance, 7eb1a10e8dc6ee5f31ef35a5ff04cb1d5e72e63592187c3d0af57743af49c613, None
Cybersecurity, https://www.darkreading.com/compliance, 7eb1a10e8dc6ee5f31ef35a5ff04cb1d5e72e63592187c3d0af57743af49c613, None
Cybersecurity, https://www.darkreading.com/threat-intelligence, 7357fe58d07203da7ab87cb5aa8597218fe002898a639c34794947a4b0786175, None
Cybersecurity, https://www.darkreading.com/endpoint, 9db8ecbb5a9e6838a72955f35d167ecca8b29622d3b9d63f3203adbe024fcf64, None
Cybersecurity, https://www.darkreading.com/authentication, 7652037fd652880dbb823d72e897d45622c6f0a98fc2073d6492e6a063a47493, None
Cybersecurity, https://www.darkreading.com/mobile, 4b1fc404c6e87f1151bbcfbea6aa4e24ec1511f4e6edc4d1787421e3124de653, None
Cybersecurity, https://www.darkreading.com/privacy, 30ef2f6dd4b85e2c7048688fa29650be304a56e1d7997bf13f21be5cc68d44dd, None
Cybersecurity, https://www.darkreading.com/authentication, 7652037fd652880dbb823d72e897d45622c6f0a98fc2073d6492e6a063a47493, None
Cybersecurity, https://www.darkreading.com/mobile, 4b1fc404c6e87f1151bbcfbea6aa4e24ec1511f4e6edc4d1787421e3124de653, None
Cybersecurity, https://www.darkreading.com/privacy, 30ef2f6dd4b85e2c7048688fa29650be304a56e1d7997bf13f21be5cc68d44dd, None
Cybersecurity, https://www.darkreading.com/vulnerabilities-threats, 9d25809e4a5c47edcb7064392a3b988f0ff8d4cb10a7b9e9bbb630ff36827f56, None
Cybersecurity, https://www.darkreading.com/advanced-threats, 07a73b68c9f8b8e60546c86285ec3901fe622b11be890f194fc7571bf70e6712, None
Cybersecurity, https://www.darkreading.com/insider-threats, 09a71e3ffb5590d0af654e4fc06463f91c574bdefb4bfc784ff6341aef2d6980, None
Cybersecurity, https://www.darkreading.com/vulnerability-management, 4a9af4541769c87266dc25eeaafe835a862c1eea9e3dc508146adff72734cf4e, None
Cybersecurity, https://www.darkreading.com/advanced-threats, 07a73b68c9f8b8e60546c86285ec3901fe622b11be890f194fc7571bf70e6712, None
Cybersecurity, https://www.darkreading.com/insider-threats, 09a71e3ffb5590d0af654e4fc06463f91c574bdefb4bfc784ff6341aef2d6980, None
Cybersecurity, https://www.darkreading.com/vulnerability-management, 4a9af4541769c87266dc25eeaafe835a862c1eea9e3dc508146adff72734cf4e, None
Cybersecurity, https://www.darkreading.com/operations, ed2eb017d494f65a1e39112acc8bea6911d9efc7d36b3fbe2200bcdcd279ded3, None
Cybersecurity, https://www.darkreading.com/identity-and-access-management, 77dc4a9b40ce2dbedbc3f3bf4298c99109b35c6f2e4a5b966445c8fc8b30cb35, None
Cybersecurity, https://www.darkreading.com/careers-and-people, 7063898ee3371a4a185251cefdb4ff13b74693370556b291554eda0b8134ad4f, None
Cybersecurity, https://www.darkreading.com/identity-and-access-management, 77dc4a9b40ce2dbedbc3f3bf4298c99109b35c6f2e4a5b966445c8fc8b30cb35, None
Cybersecurity, https://www.darkreading.com/careers-and-people, 7063898ee3371a4a185251cefdb4ff13b74693370556b291554eda0b8134ad4f, None
Cybersecurity, https://www.darkreading.com/physical-security, f687840d81c4225de24854f320660104eab95f2e0dd55ba3b772d7f90dbcf1d6, None
Cybersecurity, https://www.darkreading.com/iot, 0143f568ab3655f8b078985f1cdbe58c263c31df66a9d651926ac6f16707613d, None
Cybersecurity, https://www.darkreading.com/black-hat, a3c34a25c60032bc428f27095451ccd25f53b1cbf2d0e1114406fa50df044d7b, None
Cybersecurity, https://www.darkreading.com/omdia, d86b48f74432afd19382990092db500a4c51e9cd7568fef4bf25fe34e31f54d6, None
Cybersecurity, https://www.darkreading.com/security-now.asp, e3b8ca5c0acd35be9f61568b990b2ed174914bdb49cd3733aeb1ba3b8e5c64f8, None
Cybersecurity, https://www.darkreading.com/upcoming-events, 16c968f85ee308a2850c0d499d22fcfebbb06c45a4a47a138a71f34cfc35e0e7, None
Cybersecurity, https://www.darkreading.com/upcoming-webinars, ff64b888c7be7c1e4efc3a329b9fcb80d9d45155843e95fab7c86e98e93761bd, None
Cybersecurity, https://www.darkreading.com/resources, 7d7c2096de4c895cd893c1b9cb8d674b9f62cac30a6d7b12f62c7f579e903d86, None
Cybersecurity, https://www.darkreading.com/upcoming-webinars, ff64b888c7be7c1e4efc3a329b9fcb80d9d45155843e95fab7c86e98e93761bd, None
Cybersecurity, https://www.darkreading.com/must-reads, d22dc3f542c50ae4b87f9bfc55b78df7d34f12d478c80ad323ab617475a1cbb5, None
Cybersecurity, https://www.darkreading.com/latest/slideshow, 65d67f04d42a09587884319592edf0f402a0964a25385240766c85a587d4f4c5, None
Cybersecurity, https://www.darkreading.com/microsoft, 894686428bd8d0e0a049383555dc2ac1857dd155395b1e0fc1d3d803826312f5, None
Cybersecurity, https://www.darkreading.com/remote-workforce/-ghosttoken-opens-google-accounts-to-permanent-infection, 5455f74be0e3d4071f10b2362c941b189ca1e947cde09426f0707eddbf6c9657, 2023-04-20 22:31:00+00:00
Cybersecurity, https://www.darkreading.com/remote-workforce/-ghosttoken-opens-google-accounts-to-permanent-infection, 5455f74be0e3d4071f10b2362c941b189ca1e947cde09426f0707eddbf6c9657, 2023-04-20 22:31:00+00:00
Cybersecurity, https://www.darkreading.com/remote-workforce/-ghosttoken-opens-google-accounts-to-permanent-infection, 5455f74be0e3d4071f10b2362c941b189ca1e947cde09426f0707eddbf6c9657, 2023-04-20 22:31:00+00:00
Cybersecurity, https://www.darkreading.com/attacks-breaches/3cx-supply-chain-attack-originated-from-breach-at-another-software-company, 179fe3467caf406b39a79d4d5121f6333c2e1b6d93ff60e75702b97c3fe0b725, 2023-04-20 21:46:00+00:00
Cybersecurity, https://www.darkreading.com/attacks-breaches/3cx-supply-chain-attack-originated-from-breach-at-another-software-company, 179fe3467caf406b39a79d4d5121f6333c2e1b6d93ff60e75702b97c3fe0b725, 2023-04-20 21:46:00+00:00
Cybersecurity, https://www.darkreading.com/attacks-breaches/3cx-supply-chain-attack-originated-from-breach-at-another-software-company, 179fe3467caf406b39a79d4d5121f6333c2e1b6d93ff60e75702b97c3fe0b725, 2023-04-20 21:46:00+00:00
Cybersecurity, https://www.darkreading.com/dr-tech/7-sizzling-sessions-check-out-rsa-conference-2023, 5aa6f45326094ae66b784a023bb50b7b74ba42c4662d6100553c5e49512d057d, 2023-04-19 21:37:00+00:00
Cybersecurity, https://www.darkreading.com/dr-tech/7-sizzling-sessions-check-out-rsa-conference-2023, 5aa6f45326094ae66b784a023bb50b7b74ba42c4662d6100553c5e49512d057d, 2023-04-19 21:37:00+00:00
Cybersecurity, https://www.darkreading.com/dr-tech/7-sizzling-sessions-check-out-rsa-conference-2023, 5aa6f45326094ae66b784a023bb50b7b74ba42c4662d6100553c5e49512d057d, 2023-04-19 21:37:00+00:00
Cybersecurity, https://www.darkreading.com/attacks-breaches/aukill-malware-hunts-kills-edr-processes, 87243696e2231c0885411818d349b8ae79c418057510b9b5ad6587bd6921fe2c, 2023-04-20 15:53:00+00:00
Cybersecurity, https://www.darkreading.com/attacks-breaches/aukill-malware-hunts-kills-edr-processes, 87243696e2231c0885411818d349b8ae79c418057510b9b5ad6587bd6921fe2c, 2023-04-20 15:53:00+00:00
Cybersecurity, https://www.darkreading.com/attacks-breaches/aukill-malware-hunts-kills-edr-processes, 87243696e2231c0885411818d349b8ae79c418057510b9b5ad6587bd6921fe2c, 2023-04-20 15:53:00+00:00
Cybersecurity, https://www.darkreading.com/latest/news, 4d57e5790abc9f6be46e19109f3f583fb583563d35718ecd61b0275f3d95411e, None
Cybersecurity, https://www.darkreading.com/latest/commentary, 9b1cde96ed622197be5f66ee1316288cb0be2b01661d627abeccb9bae2324682, None
Cybersecurity, https://www.darkreading.com/partner-perspectives/as-consumer-privacy-evolves-here-s-how-you-can-stay-ahead-of-regulations, 52efb2fe5c49ab1f1157d1ab2597fb7786aea914cebb55bfe18ffd14f23089b5, 2023-04-18 12:45:00+00:00
Cybersecurity, https://www.darkreading.com/partner-perspectives/as-consumer-privacy-evolves-here-s-how-you-can-stay-ahead-of-regulations, 52efb2fe5c49ab1f1157d1ab2597fb7786aea914cebb55bfe18ffd14f23089b5, 2023-04-18 12:45:00+00:00
Cybersecurity, https://www.darkreading.com/partner-perspectives/as-consumer-privacy-evolves-here-s-how-you-can-stay-ahead-of-regulations, 52efb2fe5c49ab1f1157d1ab2597fb7786aea914cebb55bfe18ffd14f23089b5, 2023-04-18 12:45:00+00:00
Cybersecurity, https://www.darkreading.com/microsoft, 894686428bd8d0e0a049383555dc2ac1857dd155395b1e0fc1d3d803826312f5, None
Cybersecurity, https://www.darkreading.com/partner-perspectives/as-consumer-privacy-evolves-here-s-how-you-can-stay-ahead-of-regulations, 52efb2fe5c49ab1f1157d1ab2597fb7786aea914cebb55bfe18ffd14f23089b5, 2023-04-18 12:45:00+00:00
Cybersecurity, https://www.darkreading.com/latest/products-releases, 0daf0c99a714fa710921f1e09df8bdb6c01c0275b55ba0a005834f45cdd84db4, None
Cybersecurity, https://www.darkreading.com/upcoming-events, 16c968f85ee308a2850c0d499d22fcfebbb06c45a4a47a138a71f34cfc35e0e7, None
Cybersecurity, https://www.darkreading.com/upcoming-events, 16c968f85ee308a2850c0d499d22fcfebbb06c45a4a47a138a71f34cfc35e0e7, None
Cybersecurity, https://www.darkreading.com/upcoming-webinars, ff64b888c7be7c1e4efc3a329b9fcb80d9d45155843e95fab7c86e98e93761bd, None
Cybersecurity, https://www.darkreading.com/upcoming-webinars, ff64b888c7be7c1e4efc3a329b9fcb80d9d45155843e95fab7c86e98e93761bd, None
Cybersecurity, https://www.darkreading.com/upcoming-webinars, ff64b888c7be7c1e4efc3a329b9fcb80d9d45155843e95fab7c86e98e93761bd, None
Cybersecurity, https://www.darkreading.com/rss.xml, 81b0f7abff97789337f474d34cc8c7e9c2fb7d269f1e0863fbaad75b0988ff42, None
Cybersecurity, https://www.darkreading.com/about-us, 80b3583b26fd43c14867cba37268f6e66599c55c3dc4b2e2408b2ec762ee6146, None
Cybersecurity, https://www.darkreading.com/advertise, 322ed1a3b36dc659b214190f43522787fd4eb4aef7b38bc320b12f0c50ab2891, None
Cybersecurity, https://www.darkreading.com/rss.xml, 81b0f7abff97789337f474d34cc8c7e9c2fb7d269f1e0863fbaad75b0988ff42, None
Cybersecurity, https://www.csoonline.com/, 44c5f1599c307a9614fb7329ed253cae20c6f94c8a22a4d2889213bf2d9fa91f, None
Cybersecurity, https://www.csoonline.com/de/, 57f9438c204e48c1b94d90201de2f16079e2c9f2e4d6291a242bab62f985da42, None
Cybersecurity, https://threatpost.com/, 02432ec201d478f1ee2eee869a008611ff85265d2ea2579c5181e775e662acd2, None
Cybersecurity, https://threatpost.com/, 02432ec201d478f1ee2eee869a008611ff85265d2ea2579c5181e775e662acd2, None
Cybersecurity, https://threatpost.com/microsite/threatpost-podcasts-going-beyond-the-headlines/, 6017a6d31fa0f55d0cc2f7edf1f8f5dfac82a78a555fac51f1fa491d1bb8fdfd, None
Cybersecurity, https://threatpost.com/category/malware-2/, f41acd8b40ddb20aaa8ee80bcc0e9c8deb6d6c84215bce76349c32e0a96d4098, None
Cybersecurity, https://threatpost.com/category/vulnerabilities/, 36a585a71daae93ce2e3f6107742b52b40f1f1366b823988855d987211f44a56, None
Cybersecurity, https://threatpost.com/microsite/infosec-insiders-community/, cc45e01cf5533f9c89e0cdd7f10ca47f0414d49aed3ed82d88ced2f044b4f2e2, None
Cybersecurity, https://threatpost.com/category/webinars/, d6b252fbd8c1a61bd9081aa41cf65589241df84b762fd4f080500ff2adf22457, None
Cybersecurity, https://threatpost.com/feed, a3728bc250627a3a47937b7703c14eb28e1ee9de9d22e1a5714ede11dbc2885b, None
Cybersecurity, https://threatpost.com/student-loan-breach-exposes-2-5m-records/180492/, 99c07dada1eda0528141e3aa2c1b376454c9e2d640ca7ce04e73d6103f6146c2, None
Cybersecurity, https://threatpost.com/student-loan-breach-exposes-2-5m-records/180492/, 99c07dada1eda0528141e3aa2c1b376454c9e2d640ca7ce04e73d6103f6146c2, None
Cybersecurity, https://threatpost.com/author/natenelson/, 964f26f5af03ff1635a685ea38fc73eb959013219540ac3f7062689c70fe96c9, None
Cybersecurity, https://threatpost.com/watering-hole-attacks-push-scanbox-keylogger/180490/, 163876bd92d1885210e2c15cb1fc9d5ca15f54f4054c37e1230aec4d016da897, None
Cybersecurity, https://threatpost.com/watering-hole-attacks-push-scanbox-keylogger/180490/, 163876bd92d1885210e2c15cb1fc9d5ca15f54f4054c37e1230aec4d016da897, None
Cybersecurity, https://threatpost.com/author/natenelson/, 964f26f5af03ff1635a685ea38fc73eb959013219540ac3f7062689c70fe96c9, None
Cybersecurity, https://threatpost.com/author/natenelson/, 964f26f5af03ff1635a685ea38fc73eb959013219540ac3f7062689c70fe96c9, None
Cybersecurity, https://threatpost.com/0ktapus-victimize-130-firms/180487/, b4e51b217de9ad552535609fa0a3b15443ced38b4d8924a89d3e6e3126ded586, None
Cybersecurity, https://threatpost.com/0ktapus-victimize-130-firms/180487/, b4e51b217de9ad552535609fa0a3b15443ced38b4d8924a89d3e6e3126ded586, None
Cybersecurity, https://threatpost.com/author/natenelson/, 964f26f5af03ff1635a685ea38fc73eb959013219540ac3f7062689c70fe96c9, None
Cybersecurity, https://threatpost.com/ransomware-attacks-are-on-the-rise/180481/, f3c2f17169100452d91e175eae2ad658a57d4baacb40619fb74d3820f5e25541, None
Cybersecurity, https://threatpost.com/ransomware-attacks-are-on-the-rise/180481/, f3c2f17169100452d91e175eae2ad658a57d4baacb40619fb74d3820f5e25541, None
Cybersecurity, https://threatpost.com/author/natenelson/, 964f26f5af03ff1635a685ea38fc73eb959013219540ac3f7062689c70fe96c9, None
Cybersecurity, https://threatpost.com/inside-hackers-toolkit/180360/, 24129af7f9b5a6072fce7169017fdf17edf6a4be748c01f0675dc086a17dfa31, None
Cybersecurity, https://threatpost.com/inside-hackers-toolkit/180360/, 24129af7f9b5a6072fce7169017fdf17edf6a4be748c01f0675dc086a17dfa31, None
Cybersecurity, https://threatpost.com/inside-hackers-toolkit/180360/, 24129af7f9b5a6072fce7169017fdf17edf6a4be748c01f0675dc086a17dfa31, None
Cybersecurity, https://threatpost.com/threatpost-manky-fortinet/179821/, 8d6aee790ba10e1cc33e124703a95c962d899631f879ef7e8f83b675b4564d2a, None
Cybersecurity, https://threatpost.com/threatpost-manky-fortinet/179821/, 8d6aee790ba10e1cc33e124703a95c962d899631f879ef7e8f83b675b4564d2a, None
Cybersecurity, https://threatpost.com/threatpost-manky-fortinet/179821/, 8d6aee790ba10e1cc33e124703a95c962d899631f879ef7e8f83b675b4564d2a, None
Cybersecurity, https://threatpost.com/gitguardian-state-of-secrets-sprawl/179525/, 703de7c44a6e9c310c702f9bf7a85f1bdacf5e4b88fa3a05addacbcd2cd288f0, None
Cybersecurity, https://threatpost.com/gitguardian-state-of-secrets-sprawl/179525/, 703de7c44a6e9c310c702f9bf7a85f1bdacf5e4b88fa3a05addacbcd2cd288f0, None
Cybersecurity, https://threatpost.com/gitguardian-state-of-secrets-sprawl/179525/, 703de7c44a6e9c310c702f9bf7a85f1bdacf5e4b88fa3a05addacbcd2cd288f0, None
Cybersecurity, https://threatpost.com/a-blockchain-primer-and-a-bored-ape-headscratcher-podcast/179179/, 09de997a008464d8cabbbbba62cbe81c0486324d451d18f070240460256325da, None
Cybersecurity, https://threatpost.com/a-blockchain-primer-and-a-bored-ape-headscratcher-podcast/179179/, 09de997a008464d8cabbbbba62cbe81c0486324d451d18f070240460256325da, None
Cybersecurity, https://threatpost.com/a-blockchain-primer-and-a-bored-ape-headscratcher-podcast/179179/, 09de997a008464d8cabbbbba62cbe81c0486324d451d18f070240460256325da, None
Cybersecurity, https://threatpost.com/webinars/secure-systems-start-with-hardware/, 0de864984ca9f8e8d9a2a61d7338fe95dc25353da3d3680debb1d4e2ddf8b040, None
Cybersecurity, https://threatpost.com/webinars/secure-systems-start-with-hardware/, 0de864984ca9f8e8d9a2a61d7338fe95dc25353da3d3680debb1d4e2ddf8b040, None
Cybersecurity, https://threatpost.com/webinars/secure-systems-start-with-hardware/, 0de864984ca9f8e8d9a2a61d7338fe95dc25353da3d3680debb1d4e2ddf8b040, None
Cybersecurity, https://threatpost.com/webinars/securely-access-your-machines-from-anywhere-presented-by-keeper-security/, 5e7900525216afb9e5871f6c2b2164b9b597915c839f37a79fdb7762da024280, None
Cybersecurity, https://threatpost.com/webinars/securely-access-your-machines-from-anywhere-presented-by-keeper-security/, 5e7900525216afb9e5871f6c2b2164b9b597915c839f37a79fdb7762da024280, None
Cybersecurity, https://threatpost.com/webinars/securely-access-your-machines-from-anywhere-presented-by-keeper-security/, 5e7900525216afb9e5871f6c2b2164b9b597915c839f37a79fdb7762da024280, None
Cybersecurity, https://threatpost.com/webinars/lessons-learned-from-log4j-exploit/, 421e2534021086c470332319f118094c22613afe5e2a965f6bf59b9b605a85d5, None
Cybersecurity, https://threatpost.com/webinars/lessons-learned-from-log4j-exploit/, 421e2534021086c470332319f118094c22613afe5e2a965f6bf59b9b605a85d5, None
Cybersecurity, https://threatpost.com/webinars/lessons-learned-from-log4j-exploit/, 421e2534021086c470332319f118094c22613afe5e2a965f6bf59b9b605a85d5, None
Cybersecurity, https://threatpost.com/webinars/protect-sensitive-cloud-data/, a6b0740e78d8658a098c7fd24aacdd612b7568ee91e22671a45ac32cf5c56f83, None
Cybersecurity, https://threatpost.com/webinars/protect-sensitive-cloud-data/, a6b0740e78d8658a098c7fd24aacdd612b7568ee91e22671a45ac32cf5c56f83, None
Cybersecurity, https://threatpost.com/webinars/protect-sensitive-cloud-data/, a6b0740e78d8658a098c7fd24aacdd612b7568ee91e22671a45ac32cf5c56f83, None
Cybersecurity, https://threatpost.com/ebooks/cloud-security-the-forecast-for-2022/, b6acb7ee13f3ce7c70eb02b0e230759314af6fe6ea9d67c6a32611e4fe06ce3d, None
Cybersecurity, https://threatpost.com/ebooks/cloud-security-the-forecast-for-2022/, b6acb7ee13f3ce7c70eb02b0e230759314af6fe6ea9d67c6a32611e4fe06ce3d, None
Cybersecurity, https://threatpost.com/ebooks/cloud-security-the-forecast-for-2022/, b6acb7ee13f3ce7c70eb02b0e230759314af6fe6ea9d67c6a32611e4fe06ce3d, None
Cybersecurity, https://threatpost.com/ebooks/2021-the-evolution-of-ransomware/, 9bb311054c431930c9bc62b210f436ba47e651f6f6578954f0c80775dfb2f8ea, None
Cybersecurity, https://threatpost.com/ebooks/2021-the-evolution-of-ransomware/, 9bb311054c431930c9bc62b210f436ba47e651f6f6578954f0c80775dfb2f8ea, None
Cybersecurity, https://threatpost.com/ebooks/2021-the-evolution-of-ransomware/, 9bb311054c431930c9bc62b210f436ba47e651f6f6578954f0c80775dfb2f8ea, None
Cybersecurity, https://threatpost.com/ebooks/healthcare-security-woes-balloon-in-a-covid-era-world/, 074d9ec0c38a820e3195dba46684124e7f662cb0bcbf65b8b9dd772cf23297fa, None
Cybersecurity, https://threatpost.com/ebooks/healthcare-security-woes-balloon-in-a-covid-era-world/, 074d9ec0c38a820e3195dba46684124e7f662cb0bcbf65b8b9dd772cf23297fa, None
Cybersecurity, https://threatpost.com/ebooks/healthcare-security-woes-balloon-in-a-covid-era-world/, 074d9ec0c38a820e3195dba46684124e7f662cb0bcbf65b8b9dd772cf23297fa, None
Cybersecurity, https://threatpost.com/ebooks/2020-in-security-four-stories-from-the-new-threat-landscape/, d6e165f6b61cd6822f102197ab9a9e91353f4ac9dae7871a0c7b00b378e2332b, None
Cybersecurity, https://threatpost.com/ebooks/2020-in-security-four-stories-from-the-new-threat-landscape/, d6e165f6b61cd6822f102197ab9a9e91353f4ac9dae7871a0c7b00b378e2332b, None
Cybersecurity, https://threatpost.com/ebooks/2020-in-security-four-stories-from-the-new-threat-landscape/, d6e165f6b61cd6822f102197ab9a9e91353f4ac9dae7871a0c7b00b378e2332b, None
Cybersecurity, https://threatpost.com/cybercriminals-are-selling-access-to-chinese-surveillance-cameras/180478/, 7dce79bc344fb261f2d43cdbc17947dceeba68140680ff0cb0c6368531ab1228, None
Cybersecurity, https://threatpost.com/cybercriminals-are-selling-access-to-chinese-surveillance-cameras/180478/, 7dce79bc344fb261f2d43cdbc17947dceeba68140680ff0cb0c6368531ab1228, None
Cybersecurity, https://threatpost.com/author/natenelson/, 964f26f5af03ff1635a685ea38fc73eb959013219540ac3f7062689c70fe96c9, None
Cybersecurity, https://threatpost.com/author/natenelson/, 964f26f5af03ff1635a685ea38fc73eb959013219540ac3f7062689c70fe96c9, None
Cybersecurity, https://threatpost.com/twitter-whistleblower-tldr-version/180472/, 750ff9d059577da0c0d8b409e745f6bd939be61265a89482d5c1bdf61c545b8e, None
Cybersecurity, https://threatpost.com/twitter-whistleblower-tldr-version/180472/, 750ff9d059577da0c0d8b409e745f6bd939be61265a89482d5c1bdf61c545b8e, None
Cybersecurity, https://threatpost.com/author/threatpost/, 02c7eb9ac5d3b08a669661c28aeaf5bbd39292f3421821d1b92244c462347bee, None
Cybersecurity, https://threatpost.com/author/threatpost/, 02c7eb9ac5d3b08a669661c28aeaf5bbd39292f3421821d1b92244c462347bee, None
Cybersecurity, https://threatpost.com/firewall-bug-under-active-attack-cisa-warning/180467/, 69456908708a8a81decafc2119902bc869ff3682fb51f72905d2c37363c5c1a6, None
Cybersecurity, https://threatpost.com/firewall-bug-under-active-attack-cisa-warning/180467/, 69456908708a8a81decafc2119902bc869ff3682fb51f72905d2c37363c5c1a6, None
Cybersecurity, https://threatpost.com/author/threatpost/, 02c7eb9ac5d3b08a669661c28aeaf5bbd39292f3421821d1b92244c462347bee, None
Cybersecurity, https://threatpost.com/author/threatpost/, 02c7eb9ac5d3b08a669661c28aeaf5bbd39292f3421821d1b92244c462347bee, None
Cybersecurity, https://threatpost.com/reservation-links-prey-on-travelers/180462/, 9fde2c2a440bf4032f294632c6ccbebc4d4eb17a28adb6142a2ade5d977909dd, None
Cybersecurity, https://threatpost.com/reservation-links-prey-on-travelers/180462/, 9fde2c2a440bf4032f294632c6ccbebc4d4eb17a28adb6142a2ade5d977909dd, None
Cybersecurity, https://threatpost.com/author/natenelson/, 964f26f5af03ff1635a685ea38fc73eb959013219540ac3f7062689c70fe96c9, None
Cybersecurity, https://threatpost.com/author/natenelson/, 964f26f5af03ff1635a685ea38fc73eb959013219540ac3f7062689c70fe96c9, None
Cybersecurity, https://threatpost.com/iphone-users-urged-to-update-to-patch-2-zero-days-under-attack/180448/, 44145d7c1e1985ba93466120bf88e17b8bb9c6de70d95158d9c55968d6c769b7, None
Cybersecurity, https://threatpost.com/iphone-users-urged-to-update-to-patch-2-zero-days-under-attack/180448/, 44145d7c1e1985ba93466120bf88e17b8bb9c6de70d95158d9c55968d6c769b7, None
Cybersecurity, https://threatpost.com/author/elizabeth-montalbano/, 5310e281ae0f37fa42f6f557789d112eedb6ab7fa33d5b3fb90e25aa0ccefb83, None
Cybersecurity, https://threatpost.com/author/elizabeth-montalbano/, 5310e281ae0f37fa42f6f557789d112eedb6ab7fa33d5b3fb90e25aa0ccefb83, None
Cybersecurity, https://threatpost.com/your-java-date-022309/72384/, 04223db0f92b5fd3310df6fbbd6519ad28f0a39c3c3e88fb028a078baa940f8b, None
Cybersecurity, https://threatpost.com/top-5-tips-avoid-viruses-and-spyware-022309/72383/, 3a5a0e633dfa16f88f9c68776f4742c09cf136ba4498ec9da109300f17e13ae0, None
Cybersecurity, https://threatpost.com/us-needs-investigate-cyberweapons-022409/72778/, 122e9a37c8d65fbb071ba3471b046957dee4680a224c2e2f181c91c449012825, None
Cybersecurity, https://threatpost.com/six-months-later-dns-still-taking-hit-022409/72382/, 92fe845d4eddb99fe450a7f5bf5c0bf5a74cb9af32b02738b507566de0e3f807, None
Cybersecurity, https://threatpost.com/pwn2own-2009-browsers-and-smart-phones-are-targets-022509/72380/, 73b2c9425f18aa00b75f37b7a77d139e6f8657af5d59f41f9e56862b10ffe0ff, None
Cybersecurity, https://threatpost.com/protecting-phones-from-pegasus-like-spyware-attacks/167909/, 30d5e8150a69369ad25e853f03d9505654537f931ff185d0a612581aed9a2082, None
Cybersecurity, https://threatpost.com/protecting-phones-from-pegasus-like-spyware-attacks/167909/, 30d5e8150a69369ad25e853f03d9505654537f931ff185d0a612581aed9a2082, None
Cybersecurity, https://threatpost.com/protecting-phones-from-pegasus-like-spyware-attacks/167909/#comments, 0c52259b0933de42ae8f8c9e2efc356fcd8d699c3ab0e2d434ce43513fcc1d53, None
Cybersecurity, https://threatpost.com/telegram-forged-covid-19-vaccine-cards/166093/, 95153c1243b0b915ab099a7b4e923196248494b31f8bacb3d5eb9c5584ae7704, None
Cybersecurity, https://threatpost.com/telegram-forged-covid-19-vaccine-cards/166093/, 95153c1243b0b915ab099a7b4e923196248494b31f8bacb3d5eb9c5584ae7704, None
Cybersecurity, https://threatpost.com/telegram-forged-covid-19-vaccine-cards/166093/#comments, daee9db53d7517ccc1ee2146bad2e91f5ff76a77d61c9d235636f05988f2398c, None
Cybersecurity, https://threatpost.com/spotlight-on-the-cybercriminal-supply-chains/165552/, deed05244fbfe23f56cadbaf585e2f65c1653c074583fc5723f86582bcbb62de, None
Cybersecurity, https://threatpost.com/spotlight-on-the-cybercriminal-supply-chains/165552/, deed05244fbfe23f56cadbaf585e2f65c1653c074583fc5723f86582bcbb62de, None
Cybersecurity, https://threatpost.com/breaking-down-joe-bidens-10b-cybersecurity-down-payment/163304/, 0168c16f705171ec202de63c49c84e2c25273845bc90db67d32c0da908900225, None
Cybersecurity, https://threatpost.com/breaking-down-joe-bidens-10b-cybersecurity-down-payment/163304/, 0168c16f705171ec202de63c49c84e2c25273845bc90db67d32c0da908900225, None
Cybersecurity, https://threatpost.com/breaking-down-joe-bidens-10b-cybersecurity-down-payment/163304/#comments, 6e432831d79eec6e180272ff79729a9a478bee12f360d36ed0f0f98e07a46c36, None
Cybersecurity, https://threatpost.com/cisos-prep-for-covid-19-exposure-notification-in-the-workplace/162988/, 6d5851cf03cdc1a4c51c420312b8f5b7287a10d074f8dc8bed66f3a0b3f90368, None
Cybersecurity, https://threatpost.com/cisos-prep-for-covid-19-exposure-notification-in-the-workplace/162988/, 6d5851cf03cdc1a4c51c420312b8f5b7287a10d074f8dc8bed66f3a0b3f90368, None
Cybersecurity, https://threatpost.com/cyber-spike-attacks-high-log4j/177481/, a8d54e6d2f2da310df66f86745909f8f9529f8d3be4661a706b499bd5718cc2e, None
Cybersecurity, https://threatpost.com/cyber-spike-attacks-high-log4j/177481/, a8d54e6d2f2da310df66f86745909f8f9529f8d3be4661a706b499bd5718cc2e, None
Cybersecurity, https://threatpost.com/pysa-top-ransomware-november/177242/, 1a4efe6aab5332deb2c8bd5da3208d1b38d16c069087db247d07efbf212c4b3e, None
Cybersecurity, https://threatpost.com/pysa-top-ransomware-november/177242/, 1a4efe6aab5332deb2c8bd5da3208d1b38d16c069087db247d07efbf212c4b3e, None
Cybersecurity, https://threatpost.com/encrypted-fileless-malware-growth/175306/, 3686af5461ca4f7c51994cc40e005d868ff892ab5490bbc30fb97a52efb01f51, None
Cybersecurity, https://threatpost.com/encrypted-fileless-malware-growth/175306/, 3686af5461ca4f7c51994cc40e005d868ff892ab5490bbc30fb97a52efb01f51, None
Cybersecurity, https://threatpost.com/proxy-phantom-fraud-ecommerce-accounts/175241/, cafc8851ca6147b1eb2604a2f60b12f5154203c323b54bf7172f5cc60852784f, None
Cybersecurity, https://threatpost.com/proxy-phantom-fraud-ecommerce-accounts/175241/, cafc8851ca6147b1eb2604a2f60b12f5154203c323b54bf7172f5cc60852784f, None
Cybersecurity, https://threatpost.com/proxy-phantom-fraud-ecommerce-accounts/175241/#comments, b2afb84bab031637362ebf225fe94c9cd4b51fe52bac4f15d5137acad3a86570, None
Cybersecurity, https://threatpost.com/women-minorities-hacked/175038/, 1ad73b4b31bba2f568076069edd03e298cc471fa966a480bf7eeba5dfc4cedb4, None
Cybersecurity, https://threatpost.com/women-minorities-hacked/175038/, 1ad73b4b31bba2f568076069edd03e298cc471fa966a480bf7eeba5dfc4cedb4, None
Cybersecurity, https://threatpost.com/women-minorities-hacked/175038/#comments, b0f683da2807e9181f3a9ef3ca6c2e323be72648c1763383808bf4ed1cc6df91, None
Cybersecurity, https://threatpost.com/category/podcasts/, 084d8ebecf84b4ea51ac2a85b3d44e1ca2909cdab7d2cdb2c8383ec9b5fbe613, None
Cybersecurity, https://threatpost.com/inside-hackers-toolkit/180360/, 24129af7f9b5a6072fce7169017fdf17edf6a4be748c01f0675dc086a17dfa31, None
Cybersecurity, https://threatpost.com/inside-hackers-toolkit/180360/, 24129af7f9b5a6072fce7169017fdf17edf6a4be748c01f0675dc086a17dfa31, None
Cybersecurity, https://threatpost.com/threatpost-manky-fortinet/179821/, 8d6aee790ba10e1cc33e124703a95c962d899631f879ef7e8f83b675b4564d2a, None
Cybersecurity, https://threatpost.com/threatpost-manky-fortinet/179821/, 8d6aee790ba10e1cc33e124703a95c962d899631f879ef7e8f83b675b4564d2a, None
Cybersecurity, https://threatpost.com/gitguardian-state-of-secrets-sprawl/179525/, 703de7c44a6e9c310c702f9bf7a85f1bdacf5e4b88fa3a05addacbcd2cd288f0, None
Cybersecurity, https://threatpost.com/gitguardian-state-of-secrets-sprawl/179525/, 703de7c44a6e9c310c702f9bf7a85f1bdacf5e4b88fa3a05addacbcd2cd288f0, None
Cybersecurity, https://threatpost.com/cyberattackers-speed-fortinet-podcast/179294/, f3d1259202aae1a7fa69963ad2e966fb7365989a6022dc92bc3a61adc281f0a8, None
Cybersecurity, https://threatpost.com/cyberattackers-speed-fortinet-podcast/179294/, f3d1259202aae1a7fa69963ad2e966fb7365989a6022dc92bc3a61adc281f0a8, None
Cybersecurity, https://threatpost.com/cyberattackers-speed-fortinet-podcast/179294/#comments, b61fbbf209a6e7e24c8eee562a6784088bcdd4ab2834f3068a2b02302fdd60cc, None
Cybersecurity, https://threatpost.com/macos-malware-myth-vs-truth-podcast/179215/, 588dbca81d7245c8e09715189ea7acde54a48dda4441fedd2a878e74ef26b8b3, None
Cybersecurity, https://threatpost.com/macos-malware-myth-vs-truth-podcast/179215/, 588dbca81d7245c8e09715189ea7acde54a48dda4441fedd2a878e74ef26b8b3, None
Cybersecurity, https://threatpost.com/macos-malware-myth-vs-truth-podcast/179215/#comments, 8cd952df2c01135cfc9db816c876557e9de67eb3613e04424524af0f3a4fc93c, None
Cybersecurity, https://threatpost.com/a-blockchain-primer-and-a-bored-ape-headscratcher-podcast/179179/, 09de997a008464d8cabbbbba62cbe81c0486324d451d18f070240460256325da, None
Cybersecurity, https://threatpost.com/a-blockchain-primer-and-a-bored-ape-headscratcher-podcast/179179/, 09de997a008464d8cabbbbba62cbe81c0486324d451d18f070240460256325da, None
Cybersecurity, https://threatpost.com/top-3-attack-trends-in-api-security-podcast/179064/, 4fe9310118152df7b87328a6ec26f80b7f227b018f202c94a2734110bbad6542, None
Cybersecurity, https://threatpost.com/top-3-attack-trends-in-api-security-podcast/179064/, 4fe9310118152df7b87328a6ec26f80b7f227b018f202c94a2734110bbad6542, None
Cybersecurity, https://threatpost.com/top-3-attack-trends-in-api-security-podcast/179064/#comments, 84a511f86f5fff449354e860d33def97fcda0233a2ad9cd2b2170c28009c2f51, None
Cybersecurity, https://threatpost.com/reporting-mandates-to-clear-up-feds-hazy-look-into-threat-landscape-podcast/178947/, d3b03452db30ca5efcc719aa79885a793fe7bd1b8dbf0bfd634dcf6f292bf43b, None
Cybersecurity, https://threatpost.com/reporting-mandates-to-clear-up-feds-hazy-look-into-threat-landscape-podcast/178947/, d3b03452db30ca5efcc719aa79885a793fe7bd1b8dbf0bfd634dcf6f292bf43b, None
Cybersecurity, https://threatpost.com/staff-think-conti-group-legit-employer-podcast/178903/, b8f6957bb3ffa6ff343ef12b3d1aa185aae6ed68d8aecfa8355c58b4a4e6c898, None
Cybersecurity, https://threatpost.com/staff-think-conti-group-legit-employer-podcast/178903/, b8f6957bb3ffa6ff343ef12b3d1aa185aae6ed68d8aecfa8355c58b4a4e6c898, None
Cybersecurity, https://threatpost.com/category/podcasts/, 084d8ebecf84b4ea51ac2a85b3d44e1ca2909cdab7d2cdb2c8383ec9b5fbe613, None
Cybersecurity, https://threatpost.com/category/videos/, 1861f96fdda8499f0270f6364f2b8c55d78fcbbf2131d1ce196f1e556e6abd89, None
Cybersecurity, https://threatpost.com/lyceum-apt-tunisian-firms/175579/, 3e7c1166d01633ea9f3d91d8d69ccd7f49f799f27c9a3f2cd302ef1992fd49fd, None
Cybersecurity, https://threatpost.com/lyceum-apt-tunisian-firms/175579/, 3e7c1166d01633ea9f3d91d8d69ccd7f49f799f27c9a3f2cd302ef1992fd49fd, None
Cybersecurity, https://threatpost.com/camera-roll-out-roils-privacy-activists/164502/, 11742344ee521651fdb95c5db103043563ca93adf3ab02fabf28f0ff182a26e1, None
Cybersecurity, https://threatpost.com/camera-roll-out-roils-privacy-activists/164502/, 11742344ee521651fdb95c5db103043563ca93adf3ab02fabf28f0ff182a26e1, None
Cybersecurity, https://threatpost.com/camera-roll-out-roils-privacy-activists/164502/#comments, af3b13055ecd918a6994a9a668d5dbf318dd097aca5cdb33a810a86640f38242, None
Cybersecurity, https://threatpost.com/malware-gangs-partner-up-in-double-punch-security-threat/164279/, b261d1d78c7e9cf03fc20d7abfa203d1391121094de5d4a01bfa92f682bf595e, None
Cybersecurity, https://threatpost.com/malware-gangs-partner-up-in-double-punch-security-threat/164279/, b261d1d78c7e9cf03fc20d7abfa203d1391121094de5d4a01bfa92f682bf595e, None
Cybersecurity, https://threatpost.com/email-security-attacks-bec/163869/, 83a1e7b13c234316d2764759c46ba8c1277f676239b6144fc71849c0e3088a65, None
Cybersecurity, https://threatpost.com/email-security-attacks-bec/163869/, 83a1e7b13c234316d2764759c46ba8c1277f676239b6144fc71849c0e3088a65, None
Cybersecurity, https://threatpost.com/email-security-attacks-bec/163869/#comments, df11d0a93b188c34f7d4f0e8f2a92f968d378d49c80a21a41a955600edff1abe, None
Cybersecurity, https://threatpost.com/patrick-wardle-on-hackers-leveraging-powerful-ios-bugs-in-high-level-attacks/162521/, 531906fedb527e971d24266a31ab59c4f841540ee25ecb3c36829e952f553f8a, None
Cybersecurity, https://threatpost.com/patrick-wardle-on-hackers-leveraging-powerful-ios-bugs-in-high-level-attacks/162521/, 531906fedb527e971d24266a31ab59c4f841540ee25ecb3c36829e952f553f8a, None
Cybersecurity, https://threatpost.com/ransomware-ip-theft-top-covid-19-healthcare-security-scares/162247/, 4181aacb950edb6c01d7fafc9a2a259e7fe1e565f78fd7ec2c833111d743453c, None
Cybersecurity, https://threatpost.com/ransomware-ip-theft-top-covid-19-healthcare-security-scares/162247/, 4181aacb950edb6c01d7fafc9a2a259e7fe1e565f78fd7ec2c833111d743453c, None
Cybersecurity, https://threatpost.com/pandemic-reshaping-bug-bounty-landscape/160644/, 6c6d1a07e98ba5200b5c20542dddfbb06a38182ce273582cc616879840f4eedc, None
Cybersecurity, https://threatpost.com/pandemic-reshaping-bug-bounty-landscape/160644/, 6c6d1a07e98ba5200b5c20542dddfbb06a38182ce273582cc616879840f4eedc, None
Cybersecurity, https://threatpost.com/experts-weigh-in-ecommerce-security/160630/, 076aba4b1332c5ed906d1130f3a9420cc447865989ebc040c5a0e5e155380d7b, None
Cybersecurity, https://threatpost.com/experts-weigh-in-ecommerce-security/160630/, 076aba4b1332c5ed906d1130f3a9420cc447865989ebc040c5a0e5e155380d7b, None
Cybersecurity, https://threatpost.com/cybercriminals-step-up-game-us-elections/160373/, b306cd6322647d645d309232f3f410e76fad6ba053d040f75faf1a23c176b1d5, None
Cybersecurity, https://threatpost.com/cybercriminals-step-up-game-us-elections/160373/, b306cd6322647d645d309232f3f410e76fad6ba053d040f75faf1a23c176b1d5, None
Cybersecurity, https://threatpost.com/category/videos/, 1861f96fdda8499f0270f6364f2b8c55d78fcbbf2131d1ce196f1e556e6abd89, None
Cybersecurity, https://threatpost.com/category/slideshow/, 4190efe584eeef2062bd39822fb33f24991afd559a1d161a1beb99c53003b4aa, None
Cybersecurity, https://threatpost.com/2020-cybersecurity-trends-to-watch/151459/, d749376106734c9fcd3994387021c32c25585c10eaf9c42ef882c03b74476bc3, None
Cybersecurity, https://threatpost.com/2020-cybersecurity-trends-to-watch/151459/, d749376106734c9fcd3994387021c32c25585c10eaf9c42ef882c03b74476bc3, None
Cybersecurity, https://threatpost.com/top-mobile-security-stories-2019/151420/, accf40d403af8402127db17308ce232034d13c2a9a4e18d105ec6935157f3684, None
Cybersecurity, https://threatpost.com/top-mobile-security-stories-2019/151420/, accf40d403af8402127db17308ce232034d13c2a9a4e18d105ec6935157f3684, None
Cybersecurity, https://threatpost.com/facebook-security-debacles-2019-year-in-review/151306/, eddefb1c8cebfa583e307dcf4aff093daf413e51a10396f59f97bda524c852bf, None
Cybersecurity, https://threatpost.com/facebook-security-debacles-2019-year-in-review/151306/, eddefb1c8cebfa583e307dcf4aff093daf413e51a10396f59f97bda524c852bf, None
Cybersecurity, https://threatpost.com/biggest-malware-threats-of-2019/151423/, f6b49fa680674245f3eef029013dd776ea84157c4f667b7bf2da268a186cc656, None
Cybersecurity, https://threatpost.com/biggest-malware-threats-of-2019/151423/, f6b49fa680674245f3eef029013dd776ea84157c4f667b7bf2da268a186cc656, None
Cybersecurity, https://threatpost.com/biggest-malware-threats-of-2019/151423/#comments, b3f3ebe4535421eb9908cecd407b11ba179dd855750e2312189cf6607146984c, None
Cybersecurity, https://threatpost.com/top-10-iot-disasters-of-2019/151235/, 6d675ca2315396181c613049cea7dffa4cf451de78d843fdef51c5b4d943d2aa, None
Cybersecurity, https://threatpost.com/top-10-iot-disasters-of-2019/151235/, 6d675ca2315396181c613049cea7dffa4cf451de78d843fdef51c5b4d943d2aa, None
Cybersecurity, https://threatpost.com/top-10-iot-disasters-of-2019/151235/#comments, 675878b7f8ca73ed8c0f66c5744340dcc7252a29d7bcee8995442948398b24e9, None
Cybersecurity, https://threatpost.com/2019-malware-trends-to-watch/140344/, 563aa0307987d0d37f6c142960c2ee73a676d22dab3f87ab8601588078fb00f8, None
Cybersecurity, https://threatpost.com/2019-malware-trends-to-watch/140344/, 563aa0307987d0d37f6c142960c2ee73a676d22dab3f87ab8601588078fb00f8, None
Cybersecurity, https://threatpost.com/top-2018-security-and-privacy-stories/140312/, 8758727cd19c60a6683cb08cc1f6d5f86ca7750528461e067b801391e4c4193d, None
Cybersecurity, https://threatpost.com/top-2018-security-and-privacy-stories/140312/, 8758727cd19c60a6683cb08cc1f6d5f86ca7750528461e067b801391e4c4193d, None
Cybersecurity, https://threatpost.com/top-2018-security-and-privacy-stories/140312/#comments, 117434b7467b99fb0a44da281e6efc79adb55a82e52753a966a7656e3f7701fc, None
Cybersecurity, https://threatpost.com/2019-the-year-ahead-in-cybersecurity/140272/, 90a4353230a56d1e044a22781fa05c167bc1a6731208e2bf8ebfb624e00f996a, None
Cybersecurity, https://threatpost.com/2019-the-year-ahead-in-cybersecurity/140272/, 90a4353230a56d1e044a22781fa05c167bc1a6731208e2bf8ebfb624e00f996a, None
Cybersecurity, https://threatpost.com/2019-the-year-ahead-in-cybersecurity/140272/#comments, a221cb5b68e219973318b7bff605c49e0bf00a11f0279efd1e6849ed593e45a2, None
Cybersecurity, https://threatpost.com/2018-biggest-breaches/140346/, c5797d45c7cde7fb6dc03b9d66dc8e75b2b8e9f7076f3546752bd3a940882f55, None
Cybersecurity, https://threatpost.com/2018-biggest-breaches/140346/, c5797d45c7cde7fb6dc03b9d66dc8e75b2b8e9f7076f3546752bd3a940882f55, None
Cybersecurity, https://threatpost.com/2018-biggest-breaches/140346/#comments, 78fe87fb8dc4bbd0ac5520a23c480c46acd5aae7178c2d11109ff9cd0ab0181a, None
Cybersecurity, https://threatpost.com/category/slideshow/, 4190efe584eeef2062bd39822fb33f24991afd559a1d161a1beb99c53003b4aa, None
Cybersecurity, https://threatpost.com/, 02432ec201d478f1ee2eee869a008611ff85265d2ea2579c5181e775e662acd2, None
Cybersecurity, https://threatpost.com/, 02432ec201d478f1ee2eee869a008611ff85265d2ea2579c5181e775e662acd2, None
Cybersecurity, https://threatpost.com/, 02432ec201d478f1ee2eee869a008611ff85265d2ea2579c5181e775e662acd2, None
Cybersecurity, https://threatpost.com/about-threatpost/, 179c8645f1fe895abe2061f4d39430cc938303ce45c4431ddaf2c124613dc37b, None
Cybersecurity, https://threatpost.com/contact-us/, 5ff3fa8d09c23e204983a6355cc2bd3545979ec4c132bd058177d9e2d9bb062e, None
Cybersecurity, https://threatpost.com/rss-feeds/, 7ee68e9d7dec8594292ff46cef33196ed6aa2e3153756c5e07e7c654ef915696, None
Cybersecurity, https://threatpost.com/privacy-policy/, 4d4646023d114eb249a12df30206a15d29b8eaef281572299a104aa15308159d, None
Cybersecurity, https://threatpost.com/tos/, 34f701db7f15416b16905cbe8e807372802fd6a503694d2ea6104bcf92fbeca4, None
Cybersecurity, https://threatpost.com/feed, a3728bc250627a3a47937b7703c14eb28e1ee9de9d22e1a5714ede11dbc2885b, None
Cybersecurity, https://threatpost.com/category/bh/, 964053fd243f8910af3adeed5a06b867c617692c2f54e8025f9abf6dd01909a5, None
Cybersecurity, https://threatpost.com/category/breaking-news/, 2a6a2d0674cd3cc16a6c8765547dd6c28bdc984ab356ac1c9ee50552562ecdc2, None
Cybersecurity, https://threatpost.com/category/cloud-security/, 7b27f62c48ca4cf9f582182d762097dd223025eb3488e3802318815ed64f2f84, None
Cybersecurity, https://threatpost.com/category/critical-infrastructure/, c5cd63974ff0913c0b6bbfb70057293975271e16eaee40a3e406fb9d7372fc35, None
Cybersecurity, https://threatpost.com/category/cryptography/, 815526dbf5b1e36e0fff9b9bbd0b044bc2340b89315a3d8339d32619ad53c3c8, None
Cybersecurity, https://threatpost.com/category/facebook/, 2b92321c2ad0121c8d06851e53f4a55896f5b4e48fc10ba5c1d03147195b7579, None
Cybersecurity, https://threatpost.com/category/government/, 12b40c3d90253feb72d629cfd838a943ade30e8d1b7659d64d0f1c368bdb10a2, None
Cybersecurity, https://threatpost.com/category/hacks/, b5dc94559a0df948a2e4c4d024e09db94cc3cc9a89bd717b88fe78a8a817aaac, None
Cybersecurity, https://threatpost.com/category/iot/, 920e6e5345d3bc7f8041918df220a4bccd1f5527bd4ffafe92a0a3274c234d35, None
Cybersecurity, https://threatpost.com/category/malware-2/, f41acd8b40ddb20aaa8ee80bcc0e9c8deb6d6c84215bce76349c32e0a96d4098, None
Cybersecurity, https://threatpost.com/category/mobile-security/, c3b29c061a27dcfe6bc5e7ef4ed40d5dcfa5b45ca3dcea897176dadb8c03f4c5, None
Cybersecurity, https://threatpost.com/category/podcasts/, 084d8ebecf84b4ea51ac2a85b3d44e1ca2909cdab7d2cdb2c8383ec9b5fbe613, None
Cybersecurity, https://threatpost.com/category/privacy/, f775a5de5d27194b7f18f258f46747501488b14031e0ed66d7150ab689c9fdd6, None
Cybersecurity, https://threatpost.com/category/rsac/, 63ac6444bb824ee86edac0df5a02fcd7fb32f9afa9bd9ccc09156646319305b1, None
Cybersecurity, https://threatpost.com/category/sas/, 1cea4ce42fb9eb31d66fd5f324323f61e71b7e7347498c0095b387ad2a191e46, None
Cybersecurity, https://threatpost.com/category/videos/, 1861f96fdda8499f0270f6364f2b8c55d78fcbbf2131d1ce196f1e556e6abd89, None
Cybersecurity, https://threatpost.com/category/vulnerabilities/, 36a585a71daae93ce2e3f6107742b52b40f1f1366b823988855d987211f44a56, None
Cybersecurity, https://threatpost.com/category/web-security/, 14e1ac6c82a7253738dbe12c912dfbed2b049c9e25558ef2c6531e4b730c74e7, None
Cybersecurity, https://threatpost.com/, 02432ec201d478f1ee2eee869a008611ff85265d2ea2579c5181e775e662acd2, None
Cybersecurity, https://threatpost.com/feed, a3728bc250627a3a47937b7703c14eb28e1ee9de9d22e1a5714ede11dbc2885b, None
Cybersecurity, https://threatpost.com/category/cloud-security/, 7b27f62c48ca4cf9f582182d762097dd223025eb3488e3802318815ed64f2f84, None
Cybersecurity, https://threatpost.com/category/malware-2/, f41acd8b40ddb20aaa8ee80bcc0e9c8deb6d6c84215bce76349c32e0a96d4098, None
Cybersecurity, https://threatpost.com/category/vulnerabilities/, 36a585a71daae93ce2e3f6107742b52b40f1f1366b823988855d987211f44a56, None
Cybersecurity, https://threatpost.com/category/privacy/, f775a5de5d27194b7f18f258f46747501488b14031e0ed66d7150ab689c9fdd6, None
Cybersecurity, https://threatpost.com/category/bh/, 964053fd243f8910af3adeed5a06b867c617692c2f54e8025f9abf6dd01909a5, None
Cybersecurity, https://threatpost.com/category/critical-infrastructure/, c5cd63974ff0913c0b6bbfb70057293975271e16eaee40a3e406fb9d7372fc35, None
Cybersecurity, https://threatpost.com/category/cryptography/, 815526dbf5b1e36e0fff9b9bbd0b044bc2340b89315a3d8339d32619ad53c3c8, None
Cybersecurity, https://threatpost.com/category/facebook/, 2b92321c2ad0121c8d06851e53f4a55896f5b4e48fc10ba5c1d03147195b7579, None
Cybersecurity, https://threatpost.com/category/featured/, be579c1a71e7fabecfe6369dee34e28a1b5d58518515bd5ec2da8dcda116e5de, None
Cybersecurity, https://threatpost.com/category/government/, 12b40c3d90253feb72d629cfd838a943ade30e8d1b7659d64d0f1c368bdb10a2, None
Cybersecurity, https://threatpost.com/category/hacks/, b5dc94559a0df948a2e4c4d024e09db94cc3cc9a89bd717b88fe78a8a817aaac, None
Cybersecurity, https://threatpost.com/category/iot/, 920e6e5345d3bc7f8041918df220a4bccd1f5527bd4ffafe92a0a3274c234d35, None
Cybersecurity, https://threatpost.com/category/mobile-security/, c3b29c061a27dcfe6bc5e7ef4ed40d5dcfa5b45ca3dcea897176dadb8c03f4c5, None
Cybersecurity, https://threatpost.com/category/podcasts/, 084d8ebecf84b4ea51ac2a85b3d44e1ca2909cdab7d2cdb2c8383ec9b5fbe613, None
Cybersecurity, https://threatpost.com/category/rsac/, 63ac6444bb824ee86edac0df5a02fcd7fb32f9afa9bd9ccc09156646319305b1, None
Cybersecurity, https://threatpost.com/category/sas/, 1cea4ce42fb9eb31d66fd5f324323f61e71b7e7347498c0095b387ad2a191e46, None
Cybersecurity, https://threatpost.com/category/slideshow/, 4190efe584eeef2062bd39822fb33f24991afd559a1d161a1beb99c53003b4aa, None
Cybersecurity, https://threatpost.com/category/videos/, 1861f96fdda8499f0270f6364f2b8c55d78fcbbf2131d1ce196f1e556e6abd89, None
Cybersecurity, https://threatpost.com/category/web-security/, 14e1ac6c82a7253738dbe12c912dfbed2b049c9e25558ef2c6531e4b730c74e7, None
Cybersecurity, https://threatpost.com/author/elizabethmontalbano/, 3f29a59d436c6752c4e940c14c47e3aae27a27dbcd9d00013bdf748d02de0413, None
Cybersecurity, https://threatpost.com/author/natenelson/, 964f26f5af03ff1635a685ea38fc73eb959013219540ac3f7062689c70fe96c9, None
Cybersecurity, https://threatpost.com/, 02432ec201d478f1ee2eee869a008611ff85265d2ea2579c5181e775e662acd2, None
Cybersecurity, https://threatpost.com/about-threatpost/, 179c8645f1fe895abe2061f4d39430cc938303ce45c4431ddaf2c124613dc37b, None
Cybersecurity, https://threatpost.com/contact-us/, 5ff3fa8d09c23e204983a6355cc2bd3545979ec4c132bd058177d9e2d9bb062e, None
Cybersecurity, https://threatpost.com/rss-feeds/, 7ee68e9d7dec8594292ff46cef33196ed6aa2e3153756c5e07e7c654ef915696, None
Cybersecurity, https://threatpost.com/feed, a3728bc250627a3a47937b7703c14eb28e1ee9de9d22e1a5714ede11dbc2885b, None
Cybersecurity, https://www.securityweek.com/, 65b91fa72604c69158ea7d1c572a1f32df3ffd9ab11fc7f2b5188871897e9e1d, None
Health, https://www.nih.gov/news-events/nih-research-matters, bd46fd648573aa027395291c73016295b40645363fc2382c6211d7a4db692b50, None
Health, https://www.nih.gov/news-events/nih-research-matters/erythritol-cardiovascular-events, 5b259a8a15c8c50263d7d3f36d8bad7c4cda5efe7e02760140aaa850202dbdea, 2023-03-13 17:14:38-04:00
Health, https://www.nih.gov/news-events/nih-research-matters/male-contraceptive-disables-sperm, 9be1dceaff177c90c52222b36bab603f2539ab5881477364388f955a405113c6, 2023-02-27 13:09:39-05:00
Health, https://www.nih.gov/news-events/nih-research-matters/bivalent-boosters-provide-better-protection-against-severe-covid-19, c20b0b59a468d829d3fe405fdb4e03d8d5d0d153a4f43a5f79f7bcb80b64ba42, 2023-02-06 10:59:52-05:00
Health, https://www.nih.gov/news-events/nih-research-matters/how-psychedelic-drugs-may-help-depression, 352c5f220ff42df883f8a61add1abffd2808348989017939cf407ca02af7e82a, 2023-03-13 17:18:44-04:00
Health, https://www.nih.gov/news-events/nih-research-matters/unexpected-role-nervous-system-anaphylaxis, d8c5a6145d0cdcd95c1158c55a3e5af1b94e59fbae248fecdfe5bdc10f4e0b8b, 2023-04-03 14:01:33-04:00
Health, https://www.medicalnewstoday.com/, 9b5dc06f7b7fea3c84c02b9abf30222983ac3fd5c6f3219b00dd59aa3ffe80a3, None
Health, https://www.medicalnewstoday.com/human-biology, 1d3a1e6b83c3c68d364084ed33391eb1846fa18d7e95c5b0c16ea155f533c9f9, None
Health, https://www.medicalnewstoday.com/articles/early-breast-cancer-facts-and-stories, 88a612f5ecba1047c05a148529718909672f3c7d220c5e95890c4ec0458ee295, None
Health, https://www.medicalnewstoday.com/exercise-and-fitness, e41fd8aa3ad7bd3553e225eed2b654f6564fe564876fa5cc08c1efd1c04c2676, None
Health, https://www.medicalnewstoday.com/depression, fab1226867e74483c9e06922c6d6ac6ae5495693677d6f1afe83c313b9945b31, None
Health, https://www.medicalnewstoday.com/, 9b5dc06f7b7fea3c84c02b9abf30222983ac3fd5c6f3219b00dd59aa3ffe80a3, None
Health, https://www.healthline.com/, 189a3ff71ef9f62053ae8d8685c03b1595c6c66787e4034b06812f9819e4b4ed, None
Health, https://www.healthline.com/health-news, fd3f3239d5c51ee74bdba487d48592280791447f944f6fd693b29cf4586f554a, None
Health, https://www.healthline.com/directory/topics, c321f883e1bcf5203a7b2d02a1a231e2372beba63f2d15376cce7d3e782112c1, None
Health, https://www.healthline.com/wellness, 9619185fa7e44830bc31cfde5fb7eb5ad5bbc217ca22ef458f1f85cc11d12065, None
Health, https://www.healthline.com/conditions, 9ede29c20a71c3ab9bd015284d07ba95dbcb191f9dbb305faf83a44324753ddb, None
Health, https://www.healthline.com/reviews, 94c1712a657cc05e25e1604caa139ec99a8c0590a6cad05f6e2ee7413f46e46c, None
Health, https://www.healthline.com/skincare?&#038;utm_source=hl&#038;utm_medium=homepage&#038;utm_campaign=sept_skincare&#038;utm_content=lorealuk&#038;utm_term=spotlight, 1f33014f280e1bcf1a7024ed670a0786259189f57e3f3f31430b6e0f21a32e12, None
Health, https://www.healthline.com/program/fight-for-today-with-chronic-lymphocytic-leukemia, 351b2e25d0b9fbb85b1e7ec53fa5b88f4a7450292fa27c5afa0c3a802f5240e5, None
Health, https://www.healthline.com/program/abortion-and-reproductive-health, dede96445c5da58f56d6479706812d6ebf4047e2476d49469d4e3a57b888fe24, None
Health, https://www.healthline.com/black-health, 31ae4217812be688db9f87e727361073a6db0a10bcd739887e53813b49156782, None
Health, https://www.healthline.com/featured-health-topics, 39f297781924f4911d23fe21a07a935aeb1a6c92457172a5ec1b447ed6c21dba, None
Health, https://www.healthline.com/, 189a3ff71ef9f62053ae8d8685c03b1595c6c66787e4034b06812f9819e4b4ed, None
Health, https://www.webmd.com/, 80df553731cd65aadd4fb3dcfe9a739510d36c003fefca8f6a7ae77c74ed722b, None
Health, https://www.mayoclinic.org/, 19affc59acf2df264a06b2b1ca7f7a7bfb706b9301fc5468eebe2386a0bfc611, None
Health, https://www.mayoclinic.org/appointments, f5cafd1603a37d9f3705a19f4d75a7d8b3c70d5aca34b0f5ccd9b7422cb74285, None
Health, https://www.mayoclinic.org/appointments/find-a-doctor, c4d35ae911da4e799d854cd6d739073a24578550c5a3e4543b5ee9a92ded9110, None
Health, https://www.mayoclinic.org/departments-centers, 3b71dffd0c53e94f9d999f05d701af6c7ccbb5d4714caf1124fbe51b0dc22b37, None
Health, https://www.mayoclinic.org/appointments, f5cafd1603a37d9f3705a19f4d75a7d8b3c70d5aca34b0f5ccd9b7422cb74285, None
Health, https://www.mayoclinic.org/about-mayo-clinic, 2e967eb8fc232b3c5ad3611c2c593697e40c15abb3f2171ca3f0bc487d6416ae, None
Health, https://www.mayoclinic.org/patient-visitor-guide, 6e844536c8ac9fbabe14f9d96b070a60eb30925c2c2eeb35a264b934614ebd89, None
Health, https://www.mayoclinic.org/departments-centers/international/appointments, b83ebd81ea3cd4e3011853cad9b3a6486b785f96db41b278ad86251414484c1a, None
Health, https://www.mayoclinic.org/departments-centers/index, 73f446fe5fc06cbe03e7340d446862ae1014de1097ac7abc5c453abafb2bd5b7, None
Health, https://www.mayoclinic.org/appointments/find-a-doctor, c4d35ae911da4e799d854cd6d739073a24578550c5a3e4543b5ee9a92ded9110, None
Health, https://www.mayoclinic.org/patient-visitor-guide/billing-insurance, 947d9888018ce672e010fc737050168a4d1dd4461e331228bc782529541372ad, None
Health, https://www.mayoclinic.org/departments-centers/international/international-business-collaborations, 04fccaef1db5f30d352786dd2e26a75b7e11c13897b2ae4ed05e5cd1557e6c99, None
Health, https://www.mayoclinic.org/about-mayo-clinic, 2e967eb8fc232b3c5ad3611c2c593697e40c15abb3f2171ca3f0bc487d6416ae, None
Health, https://www.mayoclinic.org/about-mayo-clinic/contact, 280dded36079d4b274358a3ba31acea4dfe62c5b1a1a1e240cefc9d5c4176912, None
Health, https://www.mayoclinic.org/patient-care-and-health-information, 4f914056d0fb9f68d1119c3263e0515a3a8f7c7af0bed8a33613ae3cdfae591a, None
Health, https://www.mayoclinic.org/diseases-conditions, 567e62a37f5ec427c38fceea01cd285143fcc8d5eb221f60543776d115c04110, None
Health, https://www.mayoclinic.org/symptoms, e7754e4bec287fb6ab35f220125f5355386c7c900b039d151bf9d54a5a83c477, None
Health, https://www.mayoclinic.org/tests-procedures, 0886173b47abf5acd419abba698221613082b6c6608dc6411ea1afd819f4da2a, None
Health, https://www.mayoclinic.org/drugs-supplements, 0a2d976022a037820b23796844c16d6154d93ddaba67662b0aded8e60bbe563d, None
Health, https://www.mayoclinic.org/voice/apps, 91422fce3c3085930cc2eaf26425fb7018304a242aa5f4576c4e920db8cae3a0, None
Health, https://www.mayoclinic.org/healthy-lifestyle, a360eac02007ff5508b2035874766d5460197a61c3a3dcad04e187865ad152d7, None
Health, https://www.mayoclinic.org/diseases-conditions/brain-tumor/symptoms-causes/syc-20350084, cc6097b5c8ed4931a94c2ea2bc00c8287213205c4489d5276af49b3130e23789, None
Health, https://www.mayoclinic.org/diseases-conditions/breast-cancer/symptoms-causes/syc-20352470, 5966d0eca00b4561cee8e52c63690e4a50ec420985b3388976d8e94877082c79, None
Health, https://www.mayoclinic.org/diseases-conditions/colon-cancer/symptoms-causes/syc-20353669, 1f597acd7b46bd91e2f816b43d6dada69b37d725e116489a98d69660b90c5cef, None
Health, https://www.mayoclinic.org/diseases-conditions/adult-congenital-heart-disease/symptoms-causes/syc-20355456, 84a6a5f8d28b95bf29b1964b12581389bde338c254625ace39ff01e1f43416eb, None
Health, https://www.mayoclinic.org/diseases-conditions/heart-arrhythmia/symptoms-causes/syc-20350668, bcd1f7a99f51b3bf8b8da0f774780b44fe45e2572405b5314ed348393cf565b0, None
Health, https://www.mayoclinic.org/diseases-conditions, 567e62a37f5ec427c38fceea01cd285143fcc8d5eb221f60543776d115c04110, None
Health, https://www.mayoclinic.org/medical-professionals, 80a4a6385946f866420051677ab7f69d8658fff4e6e6a3901b808be4a6655aa1, None
Health, https://www.mayoclinic.org/medical-professionals/provider-relations, ab45c20e1bf4d98fd18cbfcd62595f262193e77cdbcf40fbb8b53895ab265f65, None
Health, https://www.mayoclinic.org/medical-professionals/publications, 39f027d8213ad9507aedd8375c695d3f2ef11d9bac0b985406cf919eb3e0b33c, None
Health, https://www.mayoclinic.org/giving-to-mayo-clinic, 17fba394e64dab46d777aca8776e4688523cadf54b0c0cacbce0e6ee78b52bfc, None
Health, https://www.mayoclinic.org/giving-to-mayo-clinic/philanthropy-in-action, 36ca29173619495dedfb7acac3827cb1cdd7c44104ed1198d46939da488ed16d, None
Health, https://www.mayoclinic.org/giving-to-mayo-clinic/contact-us/frequently-asked-questions, 46f43878385775032613fb3fa1411c6c83a4c1dbee8cc4f6f0f1ff3ec63bf7f3, None
Health, https://www.mayoclinic.org/giving-to-mayo-clinic/contact-us, b48e491fdea455273a4a8dd14b9f180cc20889ec5aa4b435ccc79b1da1a8e601, None
Health, https://www.mayoclinic.org/appointments, f5cafd1603a37d9f3705a19f4d75a7d8b3c70d5aca34b0f5ccd9b7422cb74285, None
Health, https://www.mayoclinic.org/appointments/find-a-doctor, c4d35ae911da4e799d854cd6d739073a24578550c5a3e4543b5ee9a92ded9110, None
